Wed, 08 Nov 2017 10:28:45 [root-INFO]:Heart
Wed, 08 Nov 2017 10:28:45 [root-WARNING]:TakePic
Wed, 08 Nov 2017 10:28:47 [root-INFO]:Heart
Wed, 08 Nov 2017 10:28:49 [root-INFO]:Heart
Wed, 08 Nov 2017 10:28:50 [root-INFO]:{'sequence': 14, 'name': 'camera._setOptions', 'state': 'done'}
Wed, 08 Nov 2017 10:28:51 [root-INFO]:{'sequence': 15, 'name': 'camera._setOptions', 'state': 'done'}
Wed, 08 Nov 2017 10:28:52 [root-INFO]:Heart
Wed, 08 Nov 2017 10:28:53 [root-INFO]:{'sequence': 16, 'name': 'camera._takePicture', 'state': 'done'}
Wed, 08 Nov 2017 10:28:54 [root-INFO]:Heart
Wed, 08 Nov 2017 10:31:03 [root-INFO]:Heart
Wed, 08 Nov 2017 10:31:03 [root-WARNING]:TakePic
Wed, 08 Nov 2017 10:31:05 [root-INFO]:Heart
Wed, 08 Nov 2017 10:31:07 [root-INFO]:Heart
Wed, 08 Nov 2017 10:31:08 [root-INFO]:{'sequence': 21, 'name': 'camera._setOptions', 'state': 'done'}
Wed, 08 Nov 2017 10:31:09 [root-INFO]:{'sequence': 22, 'name': 'camera._setOptions', 'state': 'done'}
Wed, 08 Nov 2017 10:31:10 [root-INFO]:Heart
Wed, 08 Nov 2017 10:31:12 [root-INFO]:{'sequence': 23, 'name': 'camera._takePicture', 'state': 'done'}
Wed, 08 Nov 2017 10:31:12 [root-INFO]:Heart
Wed, 08 Nov 2017 10:31:14 [root-INFO]:Heart
Wed, 08 Nov 2017 10:32:00 [root-INFO]:Heart
Wed, 08 Nov 2017 10:32:02 [root-INFO]:Heart
Wed, 08 Nov 2017 10:32:05 [root-INFO]:Heart
Wed, 08 Nov 2017 10:32:06 [root-WARNING]:TakePic
Wed, 08 Nov 2017 10:32:07 [root-INFO]:Heart
Wed, 08 Nov 2017 10:32:11 [root-INFO]:Heart
Wed, 08 Nov 2017 10:32:12 [root-INFO]:{'sequence': 28, 'name': 'camera._setOptions', 'state': 'done'}
Wed, 08 Nov 2017 10:32:14 [root-INFO]:Heart
Wed, 08 Nov 2017 10:32:14 [root-INFO]:{'sequence': 29, 'name': 'camera._takePicture', 'state': 'done'}
Wed, 08 Nov 2017 10:32:16 [root-INFO]:Heart
Wed, 08 Nov 2017 10:32:18 [root-INFO]:Heart
Wed, 08 Nov 2017 10:32:21 [root-INFO]:Heart
Wed, 08 Nov 2017 10:32:24 [root-INFO]:Heart
Wed, 08 Nov 2017 10:32:26 [root-INFO]:Heart
Wed, 08 Nov 2017 10:32:28 [root-INFO]:Heart
Wed, 08 Nov 2017 10:32:30 [root-INFO]:Heart
Wed, 08 Nov 2017 10:32:32 [root-INFO]:Heart
Wed, 08 Nov 2017 10:32:34 [root-INFO]:Heart
Wed, 08 Nov 2017 10:32:37 [root-INFO]:Heart
Wed, 08 Nov 2017 10:32:39 [root-INFO]:Heart
Wed, 08 Nov 2017 10:32:41 [root-INFO]:Heart
Wed, 08 Nov 2017 10:32:44 [root-INFO]:Heart
Wed, 08 Nov 2017 10:32:49 [root-INFO]:Heart
Wed, 08 Nov 2017 10:32:51 [root-INFO]:Heart
Wed, 08 Nov 2017 10:32:58 [root-INFO]:Heart
Wed, 08 Nov 2017 10:33:00 [root-INFO]:Heart
Wed, 08 Nov 2017 10:33:02 [root-INFO]:Heart
Wed, 08 Nov 2017 10:33:05 [root-INFO]:Heart
Wed, 08 Nov 2017 10:33:07 [root-INFO]:Heart
Wed, 08 Nov 2017 10:33:09 [root-INFO]:Heart
Wed, 08 Nov 2017 10:33:11 [root-INFO]:Heart
Wed, 08 Nov 2017 10:33:13 [root-INFO]:Heart
Wed, 08 Nov 2017 10:33:16 [root-INFO]:Heart
Wed, 08 Nov 2017 10:33:18 [root-INFO]:Heart
Wed, 08 Nov 2017 10:33:24 [root-INFO]:Heart
Wed, 08 Nov 2017 10:33:26 [root-INFO]:Heart
Wed, 08 Nov 2017 10:33:28 [root-INFO]:Heart
Wed, 08 Nov 2017 10:33:31 [root-INFO]:Heart
Wed, 08 Nov 2017 10:33:33 [root-INFO]:Heart
Wed, 08 Nov 2017 10:33:35 [root-INFO]:Heart
Wed, 08 Nov 2017 10:33:38 [root-INFO]:Heart
Wed, 08 Nov 2017 10:33:40 [root-INFO]:Heart
Wed, 08 Nov 2017 10:33:42 [root-INFO]:Heart
Wed, 08 Nov 2017 10:33:44 [root-INFO]:Heart
Wed, 08 Nov 2017 10:33:47 [root-INFO]:Heart
Wed, 08 Nov 2017 10:33:49 [root-INFO]:Heart
Wed, 08 Nov 2017 10:33:51 [root-INFO]:Heart
Wed, 08 Nov 2017 10:33:55 [root-INFO]:Heart
Wed, 08 Nov 2017 10:33:57 [root-INFO]:Heart
Wed, 08 Nov 2017 10:33:59 [root-INFO]:Heart
Wed, 08 Nov 2017 10:34:02 [root-INFO]:Heart
Wed, 08 Nov 2017 10:34:06 [root-INFO]:Heart
Wed, 08 Nov 2017 10:34:09 [root-INFO]:Heart
Wed, 08 Nov 2017 10:34:11 [root-INFO]:Heart
Wed, 08 Nov 2017 10:34:14 [root-INFO]:Heart
Wed, 08 Nov 2017 10:34:16 [root-INFO]:Heart
Wed, 08 Nov 2017 10:34:18 [root-INFO]:Heart
Wed, 08 Nov 2017 10:34:20 [root-INFO]:Heart
Wed, 08 Nov 2017 10:34:24 [root-INFO]:Heart
Wed, 08 Nov 2017 10:34:26 [root-INFO]:Heart
Wed, 08 Nov 2017 10:34:28 [root-INFO]:Heart
Wed, 08 Nov 2017 10:36:25 [root-INFO]:Heart
Wed, 08 Nov 2017 10:36:25 [root-WARNING]:TakePic
Wed, 08 Nov 2017 10:36:27 [root-INFO]:Heart
Wed, 08 Nov 2017 10:36:28 [root-INFO]:{'sequence': 12, 'state': 'done', 'name': 'camera._takePicture'}
Wed, 08 Nov 2017 10:36:29 [root-INFO]:Heart
Wed, 08 Nov 2017 10:36:31 [root-INFO]:Heart
Wed, 08 Nov 2017 10:36:33 [root-INFO]:Heart
Wed, 08 Nov 2017 10:36:35 [root-INFO]:Heart
Wed, 08 Nov 2017 10:36:37 [root-INFO]:Heart
Wed, 08 Nov 2017 10:36:40 [root-INFO]:Heart
Wed, 08 Nov 2017 10:36:42 [root-INFO]:Heart
Wed, 08 Nov 2017 10:36:45 [root-INFO]:Heart
Wed, 08 Nov 2017 10:36:47 [root-INFO]:Heart
Wed, 08 Nov 2017 10:36:49 [root-INFO]:Heart
Wed, 08 Nov 2017 10:36:51 [root-INFO]:Heart
Wed, 08 Nov 2017 10:36:54 [root-INFO]:Heart
Wed, 08 Nov 2017 10:36:56 [root-INFO]:Heart
Wed, 08 Nov 2017 10:36:58 [root-INFO]:Heart
Wed, 08 Nov 2017 10:37:00 [root-INFO]:Heart
Wed, 08 Nov 2017 10:52:59 [root-INFO]:Heart
Wed, 08 Nov 2017 10:52:59 [root-WARNING]:TakePic
Wed, 08 Nov 2017 10:53:01 [root-INFO]:Heart
Wed, 08 Nov 2017 10:53:03 [root-INFO]:{'sequence': 16, 'state': 'done', 'name': 'camera._takePicture'}
Wed, 08 Nov 2017 10:53:04 [root-INFO]:Heart
Wed, 08 Nov 2017 10:53:06 [root-INFO]:Heart
Wed, 08 Nov 2017 10:53:08 [root-INFO]:Heart
Wed, 08 Nov 2017 10:53:10 [root-INFO]:Heart
Wed, 08 Nov 2017 10:53:12 [root-INFO]:Heart
Wed, 08 Nov 2017 10:53:15 [root-INFO]:Heart
Wed, 08 Nov 2017 10:53:17 [root-INFO]:Heart
Wed, 08 Nov 2017 10:53:19 [root-INFO]:Heart
Wed, 08 Nov 2017 10:53:21 [root-INFO]:Heart
Wed, 08 Nov 2017 10:53:23 [root-INFO]:Heart
Wed, 08 Nov 2017 10:53:26 [root-INFO]:Heart
Wed, 08 Nov 2017 10:53:28 [root-INFO]:Heart
Wed, 08 Nov 2017 10:53:31 [root-INFO]:Heart
Wed, 08 Nov 2017 10:53:33 [root-INFO]:Heart
Wed, 08 Nov 2017 10:53:35 [root-INFO]:Heart
Wed, 08 Nov 2017 10:54:47 [root-INFO]:Heart
Wed, 08 Nov 2017 10:54:47 [root-WARNING]:TakePic
Wed, 08 Nov 2017 10:54:49 [root-INFO]:Heart
Wed, 08 Nov 2017 10:54:50 [root-INFO]:{'sequence': 20, 'state': 'done', 'name': 'camera._takePicture'}
Wed, 08 Nov 2017 10:54:51 [root-INFO]:Heart
Wed, 08 Nov 2017 10:54:53 [root-INFO]:Heart
Wed, 08 Nov 2017 10:54:55 [root-INFO]:Heart
Wed, 08 Nov 2017 10:54:57 [root-INFO]:Heart
Wed, 08 Nov 2017 10:54:59 [root-INFO]:Heart
Wed, 08 Nov 2017 10:55:02 [root-INFO]:Heart
Wed, 08 Nov 2017 10:55:04 [root-INFO]:Heart
Wed, 08 Nov 2017 10:55:06 [root-INFO]:Heart
Wed, 08 Nov 2017 10:55:08 [root-INFO]:Heart
Wed, 08 Nov 2017 10:55:10 [root-INFO]:Heart
Wed, 08 Nov 2017 10:55:18 [root-INFO]:Heart
Wed, 08 Nov 2017 10:55:20 [root-INFO]:Heart
Wed, 08 Nov 2017 10:57:19 [root-INFO]:Heart
Wed, 08 Nov 2017 10:57:19 [root-WARNING]:TakePic
Wed, 08 Nov 2017 10:57:21 [root-INFO]:Heart
Wed, 08 Nov 2017 10:57:22 [root-INFO]:{'sequence': 24, 'state': 'done', 'name': 'camera._takePicture'}
Wed, 08 Nov 2017 10:57:24 [root-INFO]:Heart
Wed, 08 Nov 2017 10:57:29 [root-INFO]:Heart
Wed, 08 Nov 2017 10:57:31 [root-INFO]:Heart
Wed, 08 Nov 2017 10:57:39 [root-INFO]:Heart
Wed, 08 Nov 2017 10:57:42 [root-INFO]:Heart
Wed, 08 Nov 2017 10:57:45 [root-INFO]:Heart
Wed, 08 Nov 2017 10:57:48 [root-INFO]:Heart
Wed, 08 Nov 2017 11:01:27 [root-INFO]:Heart
Wed, 08 Nov 2017 11:01:27 [root-WARNING]:TakePic
Wed, 08 Nov 2017 11:01:29 [root-INFO]:Heart
Wed, 08 Nov 2017 11:01:30 [root-INFO]:{'sequence': 28, 'state': 'done', 'name': 'camera._takePicture'}
Wed, 08 Nov 2017 11:01:31 [root-INFO]:Heart
Wed, 08 Nov 2017 11:01:34 [root-INFO]:Heart
Wed, 08 Nov 2017 11:01:36 [root-INFO]:Heart
Wed, 08 Nov 2017 11:01:39 [root-INFO]:Heart
Wed, 08 Nov 2017 11:01:41 [root-INFO]:Heart
Wed, 08 Nov 2017 11:01:43 [root-INFO]:Heart
Wed, 08 Nov 2017 11:01:45 [root-INFO]:Heart
Wed, 08 Nov 2017 11:01:47 [root-INFO]:Heart
Wed, 08 Nov 2017 11:02:49 [root-INFO]:Heart
Wed, 08 Nov 2017 11:02:49 [root-WARNING]:TakePic
Wed, 08 Nov 2017 11:02:51 [root-INFO]:Heart
Wed, 08 Nov 2017 11:02:52 [root-INFO]:{'sequence': 32, 'state': 'done', 'name': 'camera._takePicture'}
Wed, 08 Nov 2017 11:02:53 [root-INFO]:Heart
Wed, 08 Nov 2017 11:02:55 [root-INFO]:Heart
Wed, 08 Nov 2017 11:02:57 [root-INFO]:Heart
Wed, 08 Nov 2017 11:02:59 [root-INFO]:Heart
Wed, 08 Nov 2017 11:03:01 [root-INFO]:Heart
Wed, 08 Nov 2017 11:03:04 [root-INFO]:Heart
Wed, 08 Nov 2017 11:03:06 [root-INFO]:Heart
Wed, 08 Nov 2017 11:03:08 [root-INFO]:Heart
Wed, 08 Nov 2017 11:03:10 [root-INFO]:Heart
Wed, 08 Nov 2017 11:03:12 [root-INFO]:Heart
Wed, 08 Nov 2017 11:06:31 [root-INFO]:Heart
Wed, 08 Nov 2017 11:06:31 [root-WARNING]:TakePic
Wed, 08 Nov 2017 11:06:33 [root-INFO]:Heart
Wed, 08 Nov 2017 11:06:34 [root-INFO]:{'sequence': 36, 'state': 'done', 'name': 'camera._takePicture'}
Wed, 08 Nov 2017 11:06:35 [root-INFO]:Heart
Wed, 08 Nov 2017 11:06:37 [root-INFO]:Heart
Wed, 08 Nov 2017 11:06:39 [root-INFO]:Heart
Wed, 08 Nov 2017 11:06:42 [root-INFO]:Heart
Wed, 08 Nov 2017 11:06:44 [root-INFO]:Heart
Wed, 08 Nov 2017 11:06:46 [root-INFO]:Heart
Wed, 08 Nov 2017 11:06:49 [root-INFO]:Heart
Wed, 08 Nov 2017 11:06:51 [root-INFO]:Heart
Wed, 08 Nov 2017 11:06:53 [root-INFO]:Heart
Wed, 08 Nov 2017 11:06:55 [root-INFO]:Heart
Wed, 08 Nov 2017 11:08:19 [root-INFO]:Heart
Wed, 08 Nov 2017 11:08:19 [root-WARNING]:TakePic
Wed, 08 Nov 2017 11:08:21 [root-INFO]:Heart
Wed, 08 Nov 2017 11:08:22 [root-INFO]:{'sequence': 40, 'state': 'done', 'name': 'camera._takePicture'}
Wed, 08 Nov 2017 11:08:23 [root-INFO]:Heart
Wed, 08 Nov 2017 11:08:26 [root-INFO]:Heart
Wed, 08 Nov 2017 11:08:28 [root-INFO]:Heart
Wed, 08 Nov 2017 11:08:30 [root-INFO]:Heart
Wed, 08 Nov 2017 11:08:33 [root-INFO]:Heart
Wed, 08 Nov 2017 11:08:35 [root-INFO]:Heart
Wed, 08 Nov 2017 11:08:37 [root-INFO]:Heart
Wed, 08 Nov 2017 11:08:39 [root-INFO]:Heart
Wed, 08 Nov 2017 11:08:40 [root-WARNING]:TakePic
Wed, 08 Nov 2017 11:08:41 [root-INFO]:Heart
Wed, 08 Nov 2017 11:08:43 [root-INFO]:{'sequence': 41, 'state': 'done', 'name': 'camera._takePicture'}
Wed, 08 Nov 2017 11:08:44 [root-INFO]:Heart
Wed, 08 Nov 2017 11:08:46 [root-INFO]:Heart
Wed, 08 Nov 2017 11:08:48 [root-INFO]:Heart
Wed, 08 Nov 2017 11:08:50 [root-INFO]:Heart
Wed, 08 Nov 2017 11:08:52 [root-INFO]:Heart
Wed, 08 Nov 2017 11:08:54 [root-INFO]:Heart
Wed, 08 Nov 2017 11:08:56 [root-INFO]:Heart
Wed, 08 Nov 2017 11:08:58 [root-INFO]:Heart
Wed, 08 Nov 2017 11:09:01 [root-INFO]:Heart
Wed, 08 Nov 2017 11:09:01 [root-WARNING]:TakePic
Wed, 08 Nov 2017 11:09:03 [root-INFO]:Heart
Wed, 08 Nov 2017 11:09:05 [root-INFO]:{'sequence': 42, 'state': 'done', 'name': 'camera._takePicture'}
Wed, 08 Nov 2017 11:09:05 [root-INFO]:Heart
Wed, 08 Nov 2017 11:09:07 [root-INFO]:Heart
Wed, 08 Nov 2017 11:09:10 [root-INFO]:Heart
Wed, 08 Nov 2017 11:09:12 [root-INFO]:Heart
Wed, 08 Nov 2017 11:09:18 [root-INFO]:Heart
Wed, 08 Nov 2017 11:09:20 [root-INFO]:Heart
Wed, 08 Nov 2017 11:09:22 [root-INFO]:Heart
Wed, 08 Nov 2017 11:09:23 [root-WARNING]:TakePic
Wed, 08 Nov 2017 11:09:25 [root-INFO]:Heart
Wed, 08 Nov 2017 11:09:26 [root-INFO]:{'sequence': 43, 'state': 'done', 'name': 'camera._takePicture'}
Wed, 08 Nov 2017 11:09:27 [root-INFO]:Heart
Wed, 08 Nov 2017 11:09:29 [root-INFO]:Heart
Wed, 08 Nov 2017 11:09:31 [root-INFO]:Heart
Wed, 08 Nov 2017 11:09:33 [root-INFO]:Heart
Wed, 08 Nov 2017 11:09:35 [root-INFO]:Heart
Wed, 08 Nov 2017 11:09:38 [root-INFO]:Heart
Wed, 08 Nov 2017 11:09:40 [root-INFO]:Heart
Wed, 08 Nov 2017 11:09:42 [root-INFO]:Heart
Wed, 08 Nov 2017 11:09:44 [root-WARNING]:TakePic
Wed, 08 Nov 2017 11:09:44 [root-INFO]:Heart
Wed, 08 Nov 2017 11:09:46 [root-INFO]:Heart
Wed, 08 Nov 2017 11:09:47 [root-INFO]:{'sequence': 44, 'state': 'done', 'name': 'camera._takePicture'}
Wed, 08 Nov 2017 11:09:49 [root-INFO]:Heart
Wed, 08 Nov 2017 11:09:51 [root-INFO]:Heart
Wed, 08 Nov 2017 11:09:53 [root-INFO]:Heart
Wed, 08 Nov 2017 11:09:55 [root-INFO]:Heart
Wed, 08 Nov 2017 11:09:57 [root-INFO]:Heart
Wed, 08 Nov 2017 11:10:00 [root-INFO]:Heart
Wed, 08 Nov 2017 11:10:02 [root-INFO]:Heart
Wed, 08 Nov 2017 11:10:04 [root-INFO]:Heart
Wed, 08 Nov 2017 11:10:05 [root-WARNING]:TakePic
Wed, 08 Nov 2017 11:10:06 [root-INFO]:Heart
Wed, 08 Nov 2017 11:10:08 [root-INFO]:Heart
Wed, 08 Nov 2017 11:10:13 [root-INFO]:{'sequence': 45, 'state': 'done', 'name': 'camera._takePicture'}
Wed, 08 Nov 2017 11:10:15 [root-INFO]:Heart
Wed, 08 Nov 2017 11:10:17 [root-INFO]:Heart
Wed, 08 Nov 2017 11:10:19 [root-INFO]:Heart
Wed, 08 Nov 2017 11:10:24 [root-INFO]:Heart
Wed, 08 Nov 2017 11:10:26 [root-INFO]:Heart
Wed, 08 Nov 2017 11:10:29 [root-INFO]:Heart
Wed, 08 Nov 2017 11:10:31 [root-WARNING]:TakePic
Wed, 08 Nov 2017 11:10:31 [root-INFO]:Heart
Wed, 08 Nov 2017 11:10:34 [root-INFO]:Heart
Wed, 08 Nov 2017 11:10:38 [root-INFO]:{'sequence': 46, 'state': 'done', 'name': 'camera._takePicture'}
Wed, 08 Nov 2017 11:10:39 [root-INFO]:Heart
Wed, 08 Nov 2017 11:10:41 [root-INFO]:Heart
Wed, 08 Nov 2017 11:10:43 [root-INFO]:Heart
Wed, 08 Nov 2017 11:10:46 [root-INFO]:Heart
Wed, 08 Nov 2017 11:10:48 [root-INFO]:Heart
Wed, 08 Nov 2017 11:10:50 [root-INFO]:Heart
Wed, 08 Nov 2017 11:10:52 [root-INFO]:Heart
Wed, 08 Nov 2017 11:10:54 [root-INFO]:Heart
Wed, 08 Nov 2017 11:10:56 [root-WARNING]:TakePic
Wed, 08 Nov 2017 11:10:56 [root-INFO]:Heart
Wed, 08 Nov 2017 11:10:59 [root-INFO]:Heart
Wed, 08 Nov 2017 11:10:59 [root-INFO]:{'sequence': 47, 'state': 'done', 'name': 'camera._takePicture'}
Wed, 08 Nov 2017 11:11:01 [root-INFO]:Heart
Wed, 08 Nov 2017 11:11:03 [root-INFO]:Heart
Wed, 08 Nov 2017 11:11:05 [root-INFO]:Heart
Wed, 08 Nov 2017 11:11:07 [root-INFO]:Heart
Wed, 08 Nov 2017 11:11:09 [root-INFO]:Heart
Wed, 08 Nov 2017 11:11:11 [root-INFO]:Heart
Wed, 08 Nov 2017 11:11:14 [root-INFO]:Heart
Wed, 08 Nov 2017 11:11:16 [root-INFO]:Heart
Wed, 08 Nov 2017 11:11:17 [root-WARNING]:TakePic
Wed, 08 Nov 2017 11:11:18 [root-INFO]:Heart
Wed, 08 Nov 2017 11:11:20 [root-INFO]:{'sequence': 48, 'state': 'done', 'name': 'camera._takePicture'}
Wed, 08 Nov 2017 11:11:20 [root-INFO]:Heart
Wed, 08 Nov 2017 11:11:22 [root-INFO]:Heart
Wed, 08 Nov 2017 11:11:24 [root-INFO]:Heart
Wed, 08 Nov 2017 11:11:27 [root-INFO]:Heart
Wed, 08 Nov 2017 11:11:29 [root-INFO]:Heart
Wed, 08 Nov 2017 11:11:31 [root-INFO]:Heart
Wed, 08 Nov 2017 11:11:33 [root-INFO]:Heart
Wed, 08 Nov 2017 11:11:36 [root-INFO]:Heart
Wed, 08 Nov 2017 11:11:38 [root-INFO]:Heart
Wed, 08 Nov 2017 11:11:38 [root-WARNING]:TakePic
Wed, 08 Nov 2017 11:11:40 [root-INFO]:Heart
Wed, 08 Nov 2017 11:11:41 [root-INFO]:{'sequence': 49, 'state': 'done', 'name': 'camera._takePicture'}
Wed, 08 Nov 2017 11:11:42 [root-INFO]:Heart
Wed, 08 Nov 2017 11:11:45 [root-INFO]:Heart
Wed, 08 Nov 2017 11:11:47 [root-INFO]:Heart
Wed, 08 Nov 2017 11:11:49 [root-INFO]:Heart
Wed, 08 Nov 2017 11:11:51 [root-INFO]:Heart
Wed, 08 Nov 2017 11:11:53 [root-INFO]:Heart
Wed, 08 Nov 2017 11:11:55 [root-INFO]:Heart
Wed, 08 Nov 2017 11:11:58 [root-INFO]:Heart
Wed, 08 Nov 2017 11:11:59 [root-WARNING]:TakePic
Wed, 08 Nov 2017 11:12:00 [root-INFO]:Heart
Wed, 08 Nov 2017 11:12:02 [root-INFO]:Heart
Wed, 08 Nov 2017 11:12:02 [root-INFO]:{'sequence': 50, 'state': 'done', 'name': 'camera._takePicture'}
Wed, 08 Nov 2017 11:12:04 [root-INFO]:Heart
Wed, 08 Nov 2017 11:12:06 [root-INFO]:Heart
Wed, 08 Nov 2017 11:12:09 [root-INFO]:Heart
Wed, 08 Nov 2017 11:12:11 [root-INFO]:Heart
Wed, 08 Nov 2017 11:12:13 [root-INFO]:Heart
Wed, 08 Nov 2017 11:12:15 [root-INFO]:Heart
Wed, 08 Nov 2017 11:12:17 [root-INFO]:Heart
Wed, 08 Nov 2017 11:12:19 [root-INFO]:Heart
Wed, 08 Nov 2017 11:12:20 [root-WARNING]:TakePic
Wed, 08 Nov 2017 11:12:22 [root-INFO]:Heart
Wed, 08 Nov 2017 11:12:23 [root-INFO]:{'sequence': 51, 'state': 'done', 'name': 'camera._takePicture'}
Wed, 08 Nov 2017 11:12:24 [root-INFO]:Heart
Wed, 08 Nov 2017 11:12:26 [root-INFO]:Heart
Wed, 08 Nov 2017 11:12:29 [root-INFO]:Heart
Wed, 08 Nov 2017 11:12:31 [root-INFO]:Heart
Wed, 08 Nov 2017 11:12:33 [root-INFO]:Heart
Wed, 08 Nov 2017 11:12:35 [root-INFO]:Heart
Wed, 08 Nov 2017 11:12:38 [root-INFO]:Heart
Wed, 08 Nov 2017 11:12:40 [root-INFO]:Heart
Wed, 08 Nov 2017 11:12:41 [root-WARNING]:TakePic
Wed, 08 Nov 2017 11:12:42 [root-INFO]:Heart
Wed, 08 Nov 2017 11:12:45 [root-INFO]:Heart
Wed, 08 Nov 2017 11:12:45 [root-INFO]:{'sequence': 52, 'state': 'done', 'name': 'camera._takePicture'}
Wed, 08 Nov 2017 11:12:47 [root-INFO]:Heart
Wed, 08 Nov 2017 11:12:49 [root-INFO]:Heart
Wed, 08 Nov 2017 11:12:51 [root-INFO]:Heart
Wed, 08 Nov 2017 11:12:53 [root-INFO]:Heart
Wed, 08 Nov 2017 11:12:56 [root-INFO]:Heart
Wed, 08 Nov 2017 11:12:58 [root-INFO]:Heart
Wed, 08 Nov 2017 11:13:00 [root-INFO]:Heart
Wed, 08 Nov 2017 11:13:03 [root-WARNING]:TakePic
Wed, 08 Nov 2017 11:13:03 [root-INFO]:Heart
Wed, 08 Nov 2017 11:13:05 [root-INFO]:Heart
Wed, 08 Nov 2017 11:13:06 [root-INFO]:{'sequence': 53, 'state': 'done', 'name': 'camera._takePicture'}
Wed, 08 Nov 2017 11:13:07 [root-INFO]:Heart
Wed, 08 Nov 2017 11:13:09 [root-INFO]:Heart
Wed, 08 Nov 2017 11:13:11 [root-INFO]:Heart
Wed, 08 Nov 2017 11:13:13 [root-INFO]:Heart
Wed, 08 Nov 2017 11:13:16 [root-INFO]:Heart
Wed, 08 Nov 2017 11:13:18 [root-INFO]:Heart
Wed, 08 Nov 2017 11:13:20 [root-INFO]:Heart
Wed, 08 Nov 2017 11:13:23 [root-INFO]:Heart
Wed, 08 Nov 2017 11:13:24 [root-WARNING]:TakePic
Wed, 08 Nov 2017 11:13:25 [root-INFO]:Heart
Wed, 08 Nov 2017 11:13:27 [root-INFO]:Heart
Wed, 08 Nov 2017 11:13:27 [root-INFO]:{'sequence': 54, 'state': 'done', 'name': 'camera._takePicture'}
Wed, 08 Nov 2017 11:13:29 [root-INFO]:Heart
Wed, 08 Nov 2017 11:13:31 [root-INFO]:Heart
Wed, 08 Nov 2017 11:13:34 [root-INFO]:Heart
Wed, 08 Nov 2017 11:13:36 [root-INFO]:Heart
Wed, 08 Nov 2017 11:13:38 [root-INFO]:Heart
Wed, 08 Nov 2017 11:13:40 [root-INFO]:Heart
Wed, 08 Nov 2017 11:13:42 [root-INFO]:Heart
Wed, 08 Nov 2017 11:13:44 [root-INFO]:Heart
Wed, 08 Nov 2017 11:13:45 [root-WARNING]:TakePic
Wed, 08 Nov 2017 11:13:46 [root-INFO]:Heart
Wed, 08 Nov 2017 11:13:48 [root-INFO]:{'sequence': 55, 'state': 'done', 'name': 'camera._takePicture'}
Wed, 08 Nov 2017 11:13:48 [root-INFO]:Heart
Wed, 08 Nov 2017 11:13:51 [root-INFO]:Heart
Wed, 08 Nov 2017 11:13:53 [root-INFO]:Heart
Wed, 08 Nov 2017 11:13:55 [root-INFO]:Heart
Wed, 08 Nov 2017 11:13:57 [root-INFO]:Heart
Wed, 08 Nov 2017 11:14:00 [root-INFO]:Heart
Wed, 08 Nov 2017 11:14:02 [root-INFO]:Heart
Wed, 08 Nov 2017 11:14:04 [root-INFO]:Heart
Wed, 08 Nov 2017 11:14:06 [root-INFO]:Heart
Wed, 08 Nov 2017 11:14:06 [root-WARNING]:TakePic
Wed, 08 Nov 2017 11:14:09 [root-INFO]:Heart
Wed, 08 Nov 2017 11:14:10 [root-INFO]:{'sequence': 56, 'state': 'done', 'name': 'camera._takePicture'}
Wed, 08 Nov 2017 11:14:12 [root-INFO]:Heart
Wed, 08 Nov 2017 11:14:14 [root-INFO]:Heart
Wed, 08 Nov 2017 11:14:17 [root-INFO]:Heart
Wed, 08 Nov 2017 11:14:19 [root-INFO]:Heart
Wed, 08 Nov 2017 11:14:21 [root-INFO]:Heart
Wed, 08 Nov 2017 11:14:24 [root-INFO]:Heart
Wed, 08 Nov 2017 11:14:26 [root-INFO]:Heart
Wed, 08 Nov 2017 11:14:28 [root-WARNING]:TakePic
Wed, 08 Nov 2017 11:14:28 [root-INFO]:Heart
Wed, 08 Nov 2017 11:14:30 [root-INFO]:Heart
Wed, 08 Nov 2017 11:14:31 [root-INFO]:{'sequence': 57, 'state': 'done', 'name': 'camera._takePicture'}
Wed, 08 Nov 2017 11:14:33 [root-INFO]:Heart
Wed, 08 Nov 2017 11:14:35 [root-INFO]:Heart
Wed, 08 Nov 2017 11:14:37 [root-INFO]:Heart
Wed, 08 Nov 2017 11:14:39 [root-INFO]:Heart
Wed, 08 Nov 2017 11:14:45 [root-INFO]:Heart
Wed, 08 Nov 2017 11:14:47 [root-INFO]:Heart
Wed, 08 Nov 2017 11:14:49 [root-WARNING]:TakePic
Wed, 08 Nov 2017 11:14:49 [root-INFO]:Heart
Wed, 08 Nov 2017 11:14:52 [root-INFO]:{'sequence': 58, 'state': 'done', 'name': 'camera._takePicture'}
Wed, 08 Nov 2017 11:14:53 [root-INFO]:Heart
Wed, 08 Nov 2017 11:14:55 [root-INFO]:Heart
Wed, 08 Nov 2017 11:14:57 [root-INFO]:Heart
Wed, 08 Nov 2017 11:15:00 [root-INFO]:Heart
Wed, 08 Nov 2017 11:15:02 [root-INFO]:Heart
Wed, 08 Nov 2017 11:15:04 [root-INFO]:Heart
Wed, 08 Nov 2017 11:15:06 [root-INFO]:Heart
Wed, 08 Nov 2017 11:15:08 [root-INFO]:Heart
Wed, 08 Nov 2017 11:15:10 [root-WARNING]:TakePic
Wed, 08 Nov 2017 11:15:11 [root-INFO]:Heart
Wed, 08 Nov 2017 11:15:13 [root-INFO]:{'sequence': 59, 'state': 'done', 'name': 'camera._takePicture'}
Wed, 08 Nov 2017 11:15:13 [root-INFO]:Heart
Wed, 08 Nov 2017 11:15:15 [root-INFO]:Heart
Wed, 08 Nov 2017 11:15:18 [root-INFO]:Heart
Wed, 08 Nov 2017 11:15:20 [root-INFO]:Heart
Wed, 08 Nov 2017 11:15:22 [root-INFO]:Heart
Wed, 08 Nov 2017 11:15:25 [root-INFO]:Heart
Wed, 08 Nov 2017 11:15:27 [root-INFO]:Heart
Wed, 08 Nov 2017 11:15:30 [root-INFO]:Heart
Wed, 08 Nov 2017 11:15:31 [root-WARNING]:TakePic
Wed, 08 Nov 2017 11:15:33 [root-INFO]:Heart
Wed, 08 Nov 2017 11:15:34 [root-INFO]:{'sequence': 60, 'state': 'done', 'name': 'camera._takePicture'}
Wed, 08 Nov 2017 11:15:35 [root-INFO]:Heart
Wed, 08 Nov 2017 11:15:37 [root-INFO]:Heart
Wed, 08 Nov 2017 11:15:39 [root-INFO]:Heart
Wed, 08 Nov 2017 11:15:41 [root-INFO]:Heart
Wed, 08 Nov 2017 11:15:44 [root-INFO]:Heart
Wed, 08 Nov 2017 11:15:46 [root-INFO]:Heart
Wed, 08 Nov 2017 11:15:48 [root-INFO]:Heart
Wed, 08 Nov 2017 11:15:50 [root-INFO]:Heart
Wed, 08 Nov 2017 11:15:52 [root-WARNING]:TakePic
Wed, 08 Nov 2017 11:15:52 [root-INFO]:Heart
Wed, 08 Nov 2017 11:15:54 [root-INFO]:Heart
Wed, 08 Nov 2017 11:15:55 [root-INFO]:{'sequence': 61, 'state': 'done', 'name': 'camera._takePicture'}
Wed, 08 Nov 2017 11:15:57 [root-INFO]:Heart
Wed, 08 Nov 2017 11:15:59 [root-INFO]:Heart
Wed, 08 Nov 2017 11:16:01 [root-INFO]:Heart
Wed, 08 Nov 2017 11:16:03 [root-INFO]:Heart
Wed, 08 Nov 2017 11:16:05 [root-INFO]:Heart
Wed, 08 Nov 2017 11:16:08 [root-INFO]:Heart
Wed, 08 Nov 2017 11:16:10 [root-INFO]:Heart
Wed, 08 Nov 2017 11:16:12 [root-INFO]:Heart
Wed, 08 Nov 2017 11:16:13 [root-WARNING]:TakePic
Wed, 08 Nov 2017 11:16:14 [root-INFO]:Heart
Wed, 08 Nov 2017 11:16:16 [root-INFO]:Heart
Wed, 08 Nov 2017 11:16:17 [root-INFO]:{'sequence': 62, 'state': 'done', 'name': 'camera._takePicture'}
Wed, 08 Nov 2017 11:16:19 [root-INFO]:Heart
Wed, 08 Nov 2017 11:16:21 [root-INFO]:Heart
Wed, 08 Nov 2017 11:16:23 [root-INFO]:Heart
Wed, 08 Nov 2017 11:16:25 [root-INFO]:Heart
Wed, 08 Nov 2017 11:16:28 [root-INFO]:Heart
Wed, 08 Nov 2017 11:16:30 [root-INFO]:Heart
Wed, 08 Nov 2017 11:16:33 [root-INFO]:Heart
Wed, 08 Nov 2017 11:16:35 [root-WARNING]:TakePic
Wed, 08 Nov 2017 11:16:35 [root-INFO]:Heart
Wed, 08 Nov 2017 11:16:37 [root-INFO]:Heart
Wed, 08 Nov 2017 11:16:38 [root-INFO]:{'sequence': 63, 'state': 'done', 'name': 'camera._takePicture'}
Wed, 08 Nov 2017 11:16:39 [root-INFO]:Heart
Wed, 08 Nov 2017 11:16:41 [root-INFO]:Heart
Wed, 08 Nov 2017 11:16:44 [root-INFO]:Heart
Wed, 08 Nov 2017 11:16:46 [root-INFO]:Heart
Wed, 08 Nov 2017 11:16:48 [root-INFO]:Heart
Wed, 08 Nov 2017 11:16:50 [root-INFO]:Heart
Wed, 08 Nov 2017 11:16:53 [root-INFO]:Heart
Wed, 08 Nov 2017 11:16:56 [root-WARNING]:TakePic
Wed, 08 Nov 2017 11:16:59 [root-INFO]:{'sequence': 64, 'state': 'done', 'name': 'camera._takePicture'}
Wed, 08 Nov 2017 11:17:17 [root-WARNING]:TakePic
Wed, 08 Nov 2017 11:17:19 [root-INFO]:{'error': {'code': 'disabledCommand', 'description': 'camera not connected'}, 'state': 'exception', 'name': {'parameters': {'origin': {'width': 4000, 'mime': 'jpeg', 'saveOrigin': 'true', 'height': 3000}, 'stiching': {'width': 7680, 'mime': 'jpeg', 'mode': 'pano', 'height': 3840}}, 'name': 'camera._takePicture'}}
Wed, 08 Nov 2017 11:17:19 [root-INFO]:reconnect ..!
Wed, 08 Nov 2017 11:17:37 [root-WARNING]:TakePic
Wed, 08 Nov 2017 11:17:40 [root-INFO]:{'error': {'code': 'disabledCommand', 'description': 'camera not connected'}, 'state': 'exception', 'name': {'parameters': {'origin': {'width': 4000, 'mime': 'jpeg', 'saveOrigin': 'true', 'height': 3000}, 'stiching': {'width': 7680, 'mime': 'jpeg', 'mode': 'pano', 'height': 3840}}, 'name': 'camera._takePicture'}}
Wed, 08 Nov 2017 11:17:40 [root-INFO]:reconnect ..!
Wed, 08 Nov 2017 11:17:58 [root-WARNING]:TakePic
Wed, 08 Nov 2017 11:18:00 [root-INFO]:{'error': {'code': 'disabledCommand', 'description': 'camera not connected'}, 'state': 'exception', 'name': {'parameters': {'origin': {'height': 3000, 'mime': 'jpeg', 'saveOrigin': 'true', 'width': 4000}, 'stiching': {'height': 7680, 'mime': 'jpeg', 'mode': '3d_top_left', 'width': 7680}, 'delay': 0}, 'name': 'camera._takePicture'}}
Wed, 08 Nov 2017 11:18:00 [root-INFO]:reconnect ..!
Wed, 08 Nov 2017 11:18:18 [root-WARNING]:TakePic
Wed, 08 Nov 2017 11:18:20 [root-INFO]:{'error': {'code': 'disabledCommand', 'description': 'camera not connected'}, 'state': 'exception', 'name': {'parameters': {'origin': {'height': 3000, 'mime': 'jpeg', 'saveOrigin': 'true', 'width': 4000}, 'stiching': {'height': 7680, 'mime': 'jpeg', 'mode': '3d_top_left', 'width': 7680}, 'delay': 0}, 'name': 'camera._takePicture'}}
Wed, 08 Nov 2017 11:18:20 [root-INFO]:reconnect ..!
Wed, 08 Nov 2017 11:18:38 [root-WARNING]:TakePic
Wed, 08 Nov 2017 11:18:40 [root-INFO]:{'error': {'code': 'disabledCommand', 'description': 'camera not connected'}, 'state': 'exception', 'name': {'parameters': {'origin': {'height': 3000, 'mime': 'jpeg', 'saveOrigin': 'true', 'width': 4000}, 'stiching': {'height': 7680, 'mime': 'jpeg', 'mode': '3d_top_left', 'width': 7680}, 'delay': 0}, 'name': 'camera._takePicture'}}
Wed, 08 Nov 2017 11:18:40 [root-INFO]:reconnect ..!
Wed, 08 Nov 2017 11:18:58 [root-WARNING]:TakePic
Wed, 08 Nov 2017 11:19:00 [root-INFO]:{'error': {'code': 'disabledCommand', 'description': 'camera not connected'}, 'state': 'exception', 'name': {'parameters': {'origin': {'height': 3000, 'mime': 'jpeg', 'saveOrigin': 'true', 'width': 4000}, 'stiching': {'height': 7680, 'mime': 'jpeg', 'mode': '3d_top_left', 'width': 7680}, 'delay': 0}, 'name': 'camera._takePicture'}}
Wed, 08 Nov 2017 11:19:01 [root-INFO]:reconnect ..!
Wed, 08 Nov 2017 11:19:19 [root-WARNING]:TakePic
Wed, 08 Nov 2017 11:19:21 [root-INFO]:{'error': {'code': 'disabledCommand', 'description': 'camera not connected'}, 'state': 'exception', 'name': {'parameters': {'origin': {'height': 3000, 'mime': 'jpeg', 'saveOrigin': 'true', 'width': 4000}, 'stiching': {'height': 7680, 'mime': 'jpeg', 'mode': '3d_top_left', 'width': 7680}, 'delay': 0}, 'name': 'camera._takePicture'}}
Wed, 08 Nov 2017 11:19:28 [root-INFO]:reconnect ..!
Wed, 08 Nov 2017 11:19:46 [root-WARNING]:TakePic
Wed, 08 Nov 2017 11:19:48 [root-INFO]:{'error': {'code': 'disabledCommand', 'description': 'camera not connected'}, 'state': 'exception', 'name': {'parameters': {'origin': {'height': 3000, 'mime': 'jpeg', 'saveOrigin': 'true', 'width': 4000}, 'stiching': {'height': 7680, 'mime': 'jpeg', 'mode': '3d_top_left', 'width': 7680}, 'delay': 0}, 'name': 'camera._takePicture'}}
Wed, 08 Nov 2017 11:19:48 [root-INFO]:reconnect ..!
Wed, 08 Nov 2017 11:20:06 [root-WARNING]:TakePic
Wed, 08 Nov 2017 11:20:08 [root-INFO]:{'error': {'code': 'disabledCommand', 'description': 'camera not connected'}, 'state': 'exception', 'name': {'parameters': {'origin': {'width': 4000, 'mime': 'jpeg', 'saveOrigin': 'true', 'height': 3000}, 'stiching': {'width': 7680, 'mime': 'jpeg', 'mode': 'pano', 'height': 3840}}, 'name': 'camera._takePicture'}}
Wed, 08 Nov 2017 11:20:08 [root-INFO]:reconnect ..!
Wed, 08 Nov 2017 11:20:26 [root-WARNING]:TakePic
Wed, 08 Nov 2017 11:20:29 [root-INFO]:{'error': {'code': 'disabledCommand', 'description': 'camera not connected'}, 'state': 'exception', 'name': {'parameters': {'origin': {'height': 3000, 'mime': 'jpeg', 'saveOrigin': 'true', 'width': 4000}, 'stiching': {'height': 7680, 'mime': 'jpeg', 'mode': '3d_top_left', 'width': 7680}, 'delay': 0}, 'name': 'camera._takePicture'}}
Wed, 08 Nov 2017 11:20:29 [root-INFO]:reconnect ..!
Wed, 08 Nov 2017 11:20:47 [root-WARNING]:TakePic
Wed, 08 Nov 2017 11:20:49 [root-INFO]:{'error': {'code': 'disabledCommand', 'description': 'camera not connected'}, 'state': 'exception', 'name': {'parameters': {'origin': {'width': 4000, 'mime': 'jpeg', 'saveOrigin': 'true', 'height': 3000}, 'stiching': {'width': 7680, 'mime': 'jpeg', 'mode': 'pano', 'height': 3840}}, 'name': 'camera._takePicture'}}
Wed, 08 Nov 2017 11:20:49 [root-INFO]:reconnect ..!
Wed, 08 Nov 2017 11:21:04 [root-INFO]:Heart
Wed, 08 Nov 2017 11:21:04 [root-WARNING]:TakePic
Wed, 08 Nov 2017 11:21:06 [root-INFO]:Heart
Wed, 08 Nov 2017 11:21:07 [root-INFO]:{'sequence': 66, 'state': 'done', 'name': 'camera._takePicture'}
Wed, 08 Nov 2017 11:21:09 [root-INFO]:Heart
Wed, 08 Nov 2017 11:21:11 [root-INFO]:Heart
Wed, 08 Nov 2017 11:21:13 [root-INFO]:Heart
Wed, 08 Nov 2017 11:21:15 [root-INFO]:Heart
Wed, 08 Nov 2017 11:21:17 [root-INFO]:Heart
Wed, 08 Nov 2017 11:21:19 [root-INFO]:Heart
Wed, 08 Nov 2017 11:21:21 [root-INFO]:Heart
Wed, 08 Nov 2017 11:21:23 [root-INFO]:Heart
Wed, 08 Nov 2017 11:21:25 [root-INFO]:Heart
Wed, 08 Nov 2017 11:21:25 [root-WARNING]:TakePic
Wed, 08 Nov 2017 11:21:28 [root-INFO]:Heart
Wed, 08 Nov 2017 11:21:29 [root-INFO]:{'sequence': 67, 'state': 'done', 'name': 'camera._takePicture'}
Wed, 08 Nov 2017 11:21:30 [root-INFO]:Heart
Wed, 08 Nov 2017 11:21:32 [root-INFO]:Heart
Wed, 08 Nov 2017 11:21:34 [root-INFO]:Heart
Wed, 08 Nov 2017 11:21:37 [root-INFO]:Heart
Wed, 08 Nov 2017 11:21:39 [root-INFO]:Heart
Wed, 08 Nov 2017 11:21:41 [root-INFO]:Heart
Wed, 08 Nov 2017 11:21:43 [root-INFO]:Heart
Wed, 08 Nov 2017 11:21:45 [root-INFO]:Heart
Wed, 08 Nov 2017 11:21:47 [root-WARNING]:TakePic
Wed, 08 Nov 2017 11:21:47 [root-INFO]:Heart
Wed, 08 Nov 2017 11:21:50 [root-INFO]:Heart
Wed, 08 Nov 2017 11:21:50 [root-INFO]:{'sequence': 68, 'state': 'done', 'name': 'camera._takePicture'}
Wed, 08 Nov 2017 11:21:52 [root-INFO]:Heart
Wed, 08 Nov 2017 11:21:54 [root-INFO]:Heart
Wed, 08 Nov 2017 11:21:56 [root-INFO]:Heart
Wed, 08 Nov 2017 11:21:58 [root-INFO]:Heart
Wed, 08 Nov 2017 11:22:00 [root-INFO]:Heart
Wed, 08 Nov 2017 11:22:02 [root-INFO]:Heart
Wed, 08 Nov 2017 11:22:04 [root-INFO]:Heart
Wed, 08 Nov 2017 11:22:06 [root-INFO]:Heart
Wed, 08 Nov 2017 11:22:08 [root-WARNING]:TakePic
Wed, 08 Nov 2017 11:22:09 [root-INFO]:Heart
Wed, 08 Nov 2017 11:22:11 [root-INFO]:Heart
Wed, 08 Nov 2017 11:22:11 [root-INFO]:{'sequence': 69, 'state': 'done', 'name': 'camera._takePicture'}
Wed, 08 Nov 2017 11:22:13 [root-INFO]:Heart
Wed, 08 Nov 2017 11:22:15 [root-INFO]:Heart
Wed, 08 Nov 2017 11:22:17 [root-INFO]:Heart
Wed, 08 Nov 2017 11:22:20 [root-INFO]:Heart
Wed, 08 Nov 2017 11:22:24 [root-INFO]:Heart
Wed, 08 Nov 2017 11:22:26 [root-INFO]:Heart
Wed, 08 Nov 2017 11:22:29 [root-WARNING]:TakePic
Wed, 08 Nov 2017 11:22:32 [root-INFO]:{'sequence': 70, 'state': 'done', 'name': 'camera._takePicture'}
Wed, 08 Nov 2017 11:22:33 [root-INFO]:Heart
Wed, 08 Nov 2017 11:22:35 [root-INFO]:Heart
Wed, 08 Nov 2017 11:22:37 [root-INFO]:Heart
Wed, 08 Nov 2017 11:22:40 [root-INFO]:Heart
Wed, 08 Nov 2017 11:22:45 [root-INFO]:Heart
Wed, 08 Nov 2017 11:22:47 [root-INFO]:Heart
Wed, 08 Nov 2017 11:22:49 [root-INFO]:Heart
Wed, 08 Nov 2017 11:22:50 [root-WARNING]:TakePic
Wed, 08 Nov 2017 11:22:51 [root-INFO]:Heart
Wed, 08 Nov 2017 11:22:53 [root-INFO]:{'sequence': 71, 'state': 'done', 'name': 'camera._takePicture'}
Wed, 08 Nov 2017 11:22:53 [root-INFO]:Heart
Wed, 08 Nov 2017 11:22:56 [root-INFO]:Heart
Wed, 08 Nov 2017 11:22:58 [root-INFO]:Heart
Wed, 08 Nov 2017 11:23:00 [root-INFO]:Heart
Wed, 08 Nov 2017 11:23:02 [root-INFO]:Heart
Wed, 08 Nov 2017 11:23:05 [root-INFO]:Heart
Wed, 08 Nov 2017 11:23:07 [root-INFO]:Heart
Wed, 08 Nov 2017 11:23:09 [root-INFO]:Heart
Wed, 08 Nov 2017 11:23:11 [root-WARNING]:TakePic
Wed, 08 Nov 2017 11:23:11 [root-INFO]:Heart
Wed, 08 Nov 2017 11:23:13 [root-INFO]:Heart
Wed, 08 Nov 2017 11:23:14 [root-INFO]:{'sequence': 72, 'state': 'done', 'name': 'camera._takePicture'}
Wed, 08 Nov 2017 11:23:15 [root-INFO]:Heart
Wed, 08 Nov 2017 11:23:18 [root-INFO]:Heart
Wed, 08 Nov 2017 11:23:20 [root-INFO]:Heart
Wed, 08 Nov 2017 11:23:22 [root-INFO]:Heart
Wed, 08 Nov 2017 11:23:24 [root-INFO]:Heart
Wed, 08 Nov 2017 11:23:26 [root-INFO]:Heart
Wed, 08 Nov 2017 11:23:28 [root-INFO]:Heart
Wed, 08 Nov 2017 11:23:30 [root-INFO]:Heart
Wed, 08 Nov 2017 11:23:32 [root-WARNING]:TakePic
Wed, 08 Nov 2017 11:23:32 [root-INFO]:Heart
Wed, 08 Nov 2017 11:23:35 [root-INFO]:Heart
Wed, 08 Nov 2017 11:23:35 [root-INFO]:{'sequence': 73, 'state': 'done', 'name': 'camera._takePicture'}
Wed, 08 Nov 2017 11:23:37 [root-INFO]:Heart
Wed, 08 Nov 2017 11:23:39 [root-INFO]:Heart
Wed, 08 Nov 2017 11:23:41 [root-INFO]:Heart
Wed, 08 Nov 2017 11:23:43 [root-INFO]:Heart
Wed, 08 Nov 2017 11:23:45 [root-INFO]:Heart
Wed, 08 Nov 2017 11:23:48 [root-INFO]:Heart
Wed, 08 Nov 2017 11:23:50 [root-INFO]:Heart
Wed, 08 Nov 2017 11:23:53 [root-INFO]:Heart
Wed, 08 Nov 2017 11:23:53 [root-WARNING]:TakePic
Wed, 08 Nov 2017 11:23:55 [root-INFO]:Heart
Wed, 08 Nov 2017 11:23:57 [root-INFO]:{'sequence': 74, 'state': 'done', 'name': 'camera._takePicture'}
Wed, 08 Nov 2017 11:23:58 [root-INFO]:Heart
Wed, 08 Nov 2017 11:24:00 [root-INFO]:Heart
Wed, 08 Nov 2017 11:24:02 [root-INFO]:Heart
Wed, 08 Nov 2017 11:24:04 [root-INFO]:Heart
Wed, 08 Nov 2017 11:24:07 [root-INFO]:Heart
Wed, 08 Nov 2017 11:24:09 [root-INFO]:Heart
Wed, 08 Nov 2017 11:24:11 [root-INFO]:Heart
Wed, 08 Nov 2017 11:24:13 [root-INFO]:Heart
Wed, 08 Nov 2017 11:24:15 [root-WARNING]:TakePic
Wed, 08 Nov 2017 11:24:15 [root-INFO]:Heart
Wed, 08 Nov 2017 11:24:17 [root-INFO]:Heart
Wed, 08 Nov 2017 11:24:18 [root-INFO]:{'sequence': 75, 'state': 'done', 'name': 'camera._takePicture'}
Wed, 08 Nov 2017 11:24:20 [root-INFO]:Heart
Wed, 08 Nov 2017 11:24:22 [root-INFO]:Heart
Wed, 08 Nov 2017 11:24:24 [root-INFO]:Heart
Wed, 08 Nov 2017 11:24:26 [root-INFO]:Heart
Wed, 08 Nov 2017 11:24:28 [root-INFO]:Heart
Wed, 08 Nov 2017 11:24:31 [root-INFO]:Heart
Wed, 08 Nov 2017 11:24:33 [root-INFO]:Heart
Wed, 08 Nov 2017 11:24:36 [root-INFO]:Heart
Wed, 08 Nov 2017 11:24:36 [root-WARNING]:TakePic
Wed, 08 Nov 2017 11:24:38 [root-INFO]:Heart
Wed, 08 Nov 2017 11:24:39 [root-INFO]:{'sequence': 76, 'state': 'done', 'name': 'camera._takePicture'}
Wed, 08 Nov 2017 11:24:40 [root-INFO]:Heart
Wed, 08 Nov 2017 11:24:42 [root-INFO]:Heart
Wed, 08 Nov 2017 11:24:44 [root-INFO]:Heart
Wed, 08 Nov 2017 11:24:46 [root-INFO]:Heart
Wed, 08 Nov 2017 11:24:49 [root-INFO]:Heart
Wed, 08 Nov 2017 11:24:51 [root-INFO]:Heart
Wed, 08 Nov 2017 11:24:53 [root-INFO]:Heart
Wed, 08 Nov 2017 11:24:55 [root-INFO]:Heart
Wed, 08 Nov 2017 11:24:57 [root-WARNING]:TakePic
Wed, 08 Nov 2017 11:24:57 [root-INFO]:Heart
Wed, 08 Nov 2017 11:25:00 [root-INFO]:Heart
Wed, 08 Nov 2017 11:25:00 [root-INFO]:{'sequence': 77, 'state': 'done', 'name': 'camera._takePicture'}
Wed, 08 Nov 2017 11:25:02 [root-INFO]:Heart
Wed, 08 Nov 2017 11:25:04 [root-INFO]:Heart
Wed, 08 Nov 2017 11:25:06 [root-INFO]:Heart
Wed, 08 Nov 2017 11:25:09 [root-INFO]:Heart
Wed, 08 Nov 2017 11:25:11 [root-INFO]:Heart
Wed, 08 Nov 2017 11:25:13 [root-INFO]:Heart
Wed, 08 Nov 2017 11:25:15 [root-INFO]:Heart
Wed, 08 Nov 2017 11:25:18 [root-INFO]:Heart
Wed, 08 Nov 2017 11:25:18 [root-WARNING]:TakePic
Wed, 08 Nov 2017 11:25:21 [root-INFO]:Heart
Wed, 08 Nov 2017 11:25:22 [root-INFO]:{'sequence': 78, 'state': 'done', 'name': 'camera._takePicture'}
Wed, 08 Nov 2017 11:25:23 [root-INFO]:Heart
Wed, 08 Nov 2017 11:25:25 [root-INFO]:Heart
Wed, 08 Nov 2017 11:25:28 [root-INFO]:Heart
Wed, 08 Nov 2017 11:25:30 [root-INFO]:Heart
Wed, 08 Nov 2017 11:25:32 [root-INFO]:Heart
Wed, 08 Nov 2017 11:25:34 [root-INFO]:Heart
Wed, 08 Nov 2017 11:25:37 [root-INFO]:Heart
Wed, 08 Nov 2017 11:25:39 [root-INFO]:Heart
Wed, 08 Nov 2017 11:25:40 [root-WARNING]:TakePic
Wed, 08 Nov 2017 11:25:41 [root-INFO]:Heart
Wed, 08 Nov 2017 11:25:43 [root-INFO]:{'sequence': 79, 'state': 'done', 'name': 'camera._takePicture'}
Wed, 08 Nov 2017 11:25:43 [root-INFO]:Heart
Wed, 08 Nov 2017 11:25:45 [root-INFO]:Heart
Wed, 08 Nov 2017 11:25:48 [root-INFO]:Heart
Wed, 08 Nov 2017 11:25:50 [root-INFO]:Heart
Wed, 08 Nov 2017 11:25:52 [root-INFO]:Heart
Wed, 08 Nov 2017 11:25:55 [root-INFO]:Heart
Wed, 08 Nov 2017 11:25:57 [root-INFO]:Heart
Wed, 08 Nov 2017 11:25:59 [root-INFO]:Heart
Wed, 08 Nov 2017 11:26:01 [root-INFO]:Heart
Wed, 08 Nov 2017 11:26:01 [root-WARNING]:TakePic
Wed, 08 Nov 2017 11:26:03 [root-INFO]:Heart
Wed, 08 Nov 2017 11:26:04 [root-INFO]:{'sequence': 80, 'state': 'done', 'name': 'camera._takePicture'}
Wed, 08 Nov 2017 11:26:05 [root-INFO]:Heart
Wed, 08 Nov 2017 11:26:08 [root-INFO]:Heart
Wed, 08 Nov 2017 11:26:10 [root-INFO]:Heart
Wed, 08 Nov 2017 11:26:12 [root-INFO]:Heart
Wed, 08 Nov 2017 11:26:14 [root-INFO]:Heart
Wed, 08 Nov 2017 11:26:16 [root-INFO]:Heart
Wed, 08 Nov 2017 11:26:18 [root-INFO]:Heart
Wed, 08 Nov 2017 11:26:21 [root-INFO]:Heart
Wed, 08 Nov 2017 11:26:22 [root-WARNING]:TakePic
Wed, 08 Nov 2017 11:26:23 [root-INFO]:Heart
Wed, 08 Nov 2017 11:26:25 [root-INFO]:Heart
Wed, 08 Nov 2017 11:26:26 [root-INFO]:{'sequence': 81, 'state': 'done', 'name': 'camera._takePicture'}
Wed, 08 Nov 2017 11:26:27 [root-INFO]:Heart
Wed, 08 Nov 2017 11:26:30 [root-INFO]:Heart
Wed, 08 Nov 2017 11:26:32 [root-INFO]:Heart
Wed, 08 Nov 2017 11:26:34 [root-INFO]:Heart
Wed, 08 Nov 2017 11:26:37 [root-INFO]:Heart
Wed, 08 Nov 2017 11:26:39 [root-INFO]:Heart
Wed, 08 Nov 2017 11:26:44 [root-WARNING]:TakePic
Wed, 08 Nov 2017 11:26:45 [root-INFO]:Heart
Wed, 08 Nov 2017 11:26:47 [root-INFO]:{'sequence': 82, 'state': 'done', 'name': 'camera._takePicture'}
Wed, 08 Nov 2017 11:26:47 [root-INFO]:Heart
Wed, 08 Nov 2017 11:26:49 [root-INFO]:Heart
Wed, 08 Nov 2017 11:26:51 [root-INFO]:Heart
Wed, 08 Nov 2017 11:26:53 [root-INFO]:Heart
Wed, 08 Nov 2017 11:26:56 [root-INFO]:Heart
Wed, 08 Nov 2017 11:26:58 [root-INFO]:Heart
Wed, 08 Nov 2017 11:27:00 [root-INFO]:Heart
Wed, 08 Nov 2017 11:27:03 [root-INFO]:Heart
Wed, 08 Nov 2017 11:27:05 [root-INFO]:Heart
Wed, 08 Nov 2017 11:27:05 [root-WARNING]:TakePic
Wed, 08 Nov 2017 11:27:07 [root-INFO]:Heart
Wed, 08 Nov 2017 11:27:08 [root-INFO]:{'sequence': 83, 'state': 'done', 'name': 'camera._takePicture'}
Wed, 08 Nov 2017 11:27:09 [root-INFO]:Heart
Wed, 08 Nov 2017 11:27:11 [root-INFO]:Heart
Wed, 08 Nov 2017 11:27:13 [root-INFO]:Heart
Wed, 08 Nov 2017 11:27:15 [root-INFO]:Heart
Wed, 08 Nov 2017 11:27:17 [root-INFO]:Heart
Wed, 08 Nov 2017 11:27:20 [root-INFO]:Heart
Wed, 08 Nov 2017 11:27:22 [root-INFO]:Heart
Wed, 08 Nov 2017 11:27:24 [root-INFO]:Heart
Wed, 08 Nov 2017 11:27:26 [root-WARNING]:TakePic
Wed, 08 Nov 2017 11:27:26 [root-INFO]:Heart
Wed, 08 Nov 2017 11:27:29 [root-INFO]:Heart
Wed, 08 Nov 2017 11:27:29 [root-INFO]:{'sequence': 84, 'state': 'done', 'name': 'camera._takePicture'}
Wed, 08 Nov 2017 11:27:31 [root-INFO]:Heart
Wed, 08 Nov 2017 11:27:33 [root-INFO]:Heart
Wed, 08 Nov 2017 11:27:35 [root-INFO]:Heart
Wed, 08 Nov 2017 11:27:37 [root-INFO]:Heart
Wed, 08 Nov 2017 11:27:40 [root-INFO]:Heart
Wed, 08 Nov 2017 11:27:42 [root-INFO]:Heart
Wed, 08 Nov 2017 11:27:44 [root-INFO]:Heart
Wed, 08 Nov 2017 11:27:46 [root-INFO]:Heart
Wed, 08 Nov 2017 11:27:47 [root-WARNING]:TakePic
Wed, 08 Nov 2017 11:27:49 [root-INFO]:Heart
Wed, 08 Nov 2017 11:27:51 [root-INFO]:{'sequence': 85, 'state': 'done', 'name': 'camera._takePicture'}
Wed, 08 Nov 2017 11:27:51 [root-INFO]:Heart
Wed, 08 Nov 2017 11:27:53 [root-INFO]:Heart
Wed, 08 Nov 2017 11:27:55 [root-INFO]:Heart
Wed, 08 Nov 2017 11:27:57 [root-INFO]:Heart
Wed, 08 Nov 2017 11:28:00 [root-INFO]:Heart
Wed, 08 Nov 2017 11:28:02 [root-INFO]:Heart
Wed, 08 Nov 2017 11:28:04 [root-INFO]:Heart
Wed, 08 Nov 2017 11:28:06 [root-INFO]:Heart
Wed, 08 Nov 2017 11:28:09 [root-INFO]:Heart
Wed, 08 Nov 2017 11:28:09 [root-WARNING]:TakePic
Wed, 08 Nov 2017 11:28:11 [root-INFO]:Heart
Wed, 08 Nov 2017 11:28:12 [root-INFO]:{'sequence': 86, 'state': 'done', 'name': 'camera._takePicture'}
Wed, 08 Nov 2017 11:28:13 [root-INFO]:Heart
Wed, 08 Nov 2017 11:28:15 [root-INFO]:Heart
Wed, 08 Nov 2017 11:28:17 [root-INFO]:Heart
Wed, 08 Nov 2017 11:28:19 [root-INFO]:Heart
Wed, 08 Nov 2017 11:28:21 [root-INFO]:Heart
Wed, 08 Nov 2017 11:28:24 [root-INFO]:Heart
Wed, 08 Nov 2017 11:28:27 [root-INFO]:Heart
Wed, 08 Nov 2017 11:28:30 [root-INFO]:Heart
Wed, 08 Nov 2017 11:28:30 [root-WARNING]:TakePic
Wed, 08 Nov 2017 11:28:32 [root-INFO]:Heart
Wed, 08 Nov 2017 11:28:33 [root-INFO]:{'sequence': 87, 'state': 'done', 'name': 'camera._takePicture'}
Wed, 08 Nov 2017 11:28:34 [root-INFO]:Heart
Wed, 08 Nov 2017 11:28:36 [root-INFO]:Heart
Wed, 08 Nov 2017 11:28:38 [root-INFO]:Heart
Wed, 08 Nov 2017 11:28:40 [root-INFO]:Heart
Wed, 08 Nov 2017 11:28:42 [root-INFO]:Heart
Wed, 08 Nov 2017 11:28:44 [root-INFO]:Heart
Wed, 08 Nov 2017 11:28:47 [root-INFO]:Heart
Wed, 08 Nov 2017 11:28:49 [root-INFO]:Heart
Wed, 08 Nov 2017 11:28:51 [root-WARNING]:TakePic
Wed, 08 Nov 2017 11:28:52 [root-INFO]:Heart
Wed, 08 Nov 2017 11:28:54 [root-INFO]:Heart
Wed, 08 Nov 2017 11:28:54 [root-INFO]:{'sequence': 88, 'state': 'done', 'name': 'camera._takePicture'}
Wed, 08 Nov 2017 11:28:56 [root-INFO]:Heart
Wed, 08 Nov 2017 11:28:58 [root-INFO]:Heart
Wed, 08 Nov 2017 11:29:01 [root-INFO]:Heart
Wed, 08 Nov 2017 11:29:03 [root-INFO]:Heart
Wed, 08 Nov 2017 11:29:05 [root-INFO]:Heart
Wed, 08 Nov 2017 11:29:07 [root-INFO]:Heart
Wed, 08 Nov 2017 11:29:11 [root-INFO]:Heart
Wed, 08 Nov 2017 11:29:12 [root-WARNING]:TakePic
Wed, 08 Nov 2017 11:29:13 [root-INFO]:Heart
Wed, 08 Nov 2017 11:29:15 [root-INFO]:{'sequence': 89, 'state': 'done', 'name': 'camera._takePicture'}
Wed, 08 Nov 2017 11:29:15 [root-INFO]:Heart
Wed, 08 Nov 2017 11:29:17 [root-INFO]:Heart
Wed, 08 Nov 2017 11:29:20 [root-INFO]:Heart
Wed, 08 Nov 2017 11:29:22 [root-INFO]:Heart
Wed, 08 Nov 2017 11:29:24 [root-INFO]:Heart
Wed, 08 Nov 2017 11:29:26 [root-INFO]:Heart
Wed, 08 Nov 2017 11:29:28 [root-INFO]:Heart
Wed, 08 Nov 2017 11:29:31 [root-INFO]:Heart
Wed, 08 Nov 2017 11:29:33 [root-WARNING]:TakePic
Wed, 08 Nov 2017 11:29:33 [root-INFO]:Heart
Wed, 08 Nov 2017 11:29:35 [root-INFO]:Heart
Wed, 08 Nov 2017 11:29:36 [root-INFO]:{'sequence': 90, 'state': 'done', 'name': 'camera._takePicture'}
Wed, 08 Nov 2017 11:29:37 [root-INFO]:Heart
Wed, 08 Nov 2017 11:29:39 [root-INFO]:Heart
Wed, 08 Nov 2017 11:29:42 [root-INFO]:Heart
Wed, 08 Nov 2017 11:29:44 [root-INFO]:Heart
Wed, 08 Nov 2017 11:29:46 [root-INFO]:Heart
Wed, 08 Nov 2017 11:29:48 [root-INFO]:Heart
Wed, 08 Nov 2017 11:29:50 [root-INFO]:Heart
Wed, 08 Nov 2017 11:29:52 [root-INFO]:Heart
Wed, 08 Nov 2017 11:29:54 [root-WARNING]:TakePic
Wed, 08 Nov 2017 11:29:54 [root-INFO]:Heart
Wed, 08 Nov 2017 11:29:56 [root-INFO]:Heart
Wed, 08 Nov 2017 11:29:57 [root-INFO]:{'sequence': 91, 'state': 'done', 'name': 'camera._takePicture'}
Wed, 08 Nov 2017 11:29:58 [root-INFO]:Heart
Wed, 08 Nov 2017 11:30:01 [root-INFO]:Heart
Wed, 08 Nov 2017 11:30:03 [root-INFO]:Heart
Wed, 08 Nov 2017 11:30:05 [root-INFO]:Heart
Wed, 08 Nov 2017 11:30:08 [root-INFO]:Heart
Wed, 08 Nov 2017 11:30:10 [root-INFO]:Heart
Wed, 08 Nov 2017 11:30:12 [root-INFO]:Heart
Wed, 08 Nov 2017 11:30:14 [root-INFO]:Heart
Wed, 08 Nov 2017 11:30:15 [root-WARNING]:TakePic
Wed, 08 Nov 2017 11:30:16 [root-INFO]:Heart
Wed, 08 Nov 2017 11:30:18 [root-INFO]:Heart
Wed, 08 Nov 2017 11:30:19 [root-INFO]:{'sequence': 92, 'state': 'done', 'name': 'camera._takePicture'}
Wed, 08 Nov 2017 11:30:20 [root-INFO]:Heart
Wed, 08 Nov 2017 11:30:22 [root-INFO]:Heart
Wed, 08 Nov 2017 11:30:25 [root-INFO]:Heart
Wed, 08 Nov 2017 11:30:27 [root-INFO]:Heart
Wed, 08 Nov 2017 11:30:29 [root-INFO]:Heart
Wed, 08 Nov 2017 11:30:31 [root-INFO]:Heart
Wed, 08 Nov 2017 11:30:33 [root-INFO]:Heart
Wed, 08 Nov 2017 11:30:35 [root-INFO]:Heart
Wed, 08 Nov 2017 11:30:37 [root-WARNING]:TakePic
Wed, 08 Nov 2017 11:30:38 [root-INFO]:Heart
Wed, 08 Nov 2017 11:30:40 [root-INFO]:{'sequence': 93, 'state': 'done', 'name': 'camera._takePicture'}
Wed, 08 Nov 2017 11:30:40 [root-INFO]:Heart
Wed, 08 Nov 2017 11:30:43 [root-INFO]:Heart
Wed, 08 Nov 2017 11:30:45 [root-INFO]:Heart
Wed, 08 Nov 2017 11:30:47 [root-INFO]:Heart
Wed, 08 Nov 2017 11:30:49 [root-INFO]:Heart
Wed, 08 Nov 2017 11:30:51 [root-INFO]:Heart
Wed, 08 Nov 2017 11:30:54 [root-INFO]:Heart
Wed, 08 Nov 2017 11:30:56 [root-INFO]:Heart
Wed, 08 Nov 2017 11:30:58 [root-WARNING]:TakePic
Wed, 08 Nov 2017 11:30:58 [root-INFO]:Heart
Wed, 08 Nov 2017 11:31:00 [root-INFO]:Heart
Wed, 08 Nov 2017 11:31:01 [root-INFO]:{'sequence': 94, 'state': 'done', 'name': 'camera._takePicture'}
Wed, 08 Nov 2017 11:31:02 [root-INFO]:Heart
Wed, 08 Nov 2017 11:31:04 [root-INFO]:Heart
Wed, 08 Nov 2017 11:31:06 [root-INFO]:Heart
Wed, 08 Nov 2017 11:31:08 [root-INFO]:Heart
Wed, 08 Nov 2017 11:31:11 [root-INFO]:Heart
Wed, 08 Nov 2017 11:31:13 [root-INFO]:Heart
Wed, 08 Nov 2017 11:31:15 [root-INFO]:Heart
Wed, 08 Nov 2017 11:31:18 [root-INFO]:Heart
Wed, 08 Nov 2017 11:31:19 [root-WARNING]:TakePic
Wed, 08 Nov 2017 11:31:20 [root-INFO]:Heart
Wed, 08 Nov 2017 11:31:22 [root-INFO]:Heart
Wed, 08 Nov 2017 11:31:22 [root-INFO]:{'sequence': 95, 'state': 'done', 'name': 'camera._takePicture'}
Wed, 08 Nov 2017 11:31:24 [root-INFO]:Heart
Wed, 08 Nov 2017 11:31:26 [root-INFO]:Heart
Wed, 08 Nov 2017 11:31:28 [root-INFO]:Heart
Wed, 08 Nov 2017 11:31:30 [root-INFO]:Heart
Wed, 08 Nov 2017 11:31:32 [root-INFO]:Heart
Wed, 08 Nov 2017 11:31:35 [root-INFO]:Heart
Wed, 08 Nov 2017 11:31:37 [root-INFO]:Heart
Wed, 08 Nov 2017 11:31:39 [root-INFO]:Heart
Wed, 08 Nov 2017 11:31:40 [root-WARNING]:TakePic
Wed, 08 Nov 2017 11:31:41 [root-INFO]:Heart
Wed, 08 Nov 2017 11:31:43 [root-INFO]:{'sequence': 96, 'state': 'done', 'name': 'camera._takePicture'}
Wed, 08 Nov 2017 11:31:44 [root-INFO]:Heart
Wed, 08 Nov 2017 11:31:46 [root-INFO]:Heart
Wed, 08 Nov 2017 11:31:48 [root-INFO]:Heart
Wed, 08 Nov 2017 11:31:51 [root-INFO]:Heart
Wed, 08 Nov 2017 11:31:53 [root-INFO]:Heart
Wed, 08 Nov 2017 11:31:55 [root-INFO]:Heart
Wed, 08 Nov 2017 11:31:57 [root-INFO]:Heart
Wed, 08 Nov 2017 11:32:00 [root-INFO]:Heart
Wed, 08 Nov 2017 11:32:01 [root-WARNING]:TakePic
Wed, 08 Nov 2017 11:32:02 [root-INFO]:Heart
Wed, 08 Nov 2017 11:32:04 [root-INFO]:{'sequence': 97, 'state': 'done', 'name': 'camera._takePicture'}
Wed, 08 Nov 2017 11:32:04 [root-INFO]:Heart
Wed, 08 Nov 2017 11:32:06 [root-INFO]:Heart
Wed, 08 Nov 2017 11:32:08 [root-INFO]:Heart
Wed, 08 Nov 2017 11:32:10 [root-INFO]:Heart
Wed, 08 Nov 2017 11:32:13 [root-INFO]:Heart
Wed, 08 Nov 2017 11:32:15 [root-INFO]:Heart
Wed, 08 Nov 2017 11:32:17 [root-INFO]:Heart
Wed, 08 Nov 2017 11:32:19 [root-INFO]:Heart
Wed, 08 Nov 2017 11:32:22 [root-INFO]:Heart
Wed, 08 Nov 2017 11:32:22 [root-WARNING]:TakePic
Wed, 08 Nov 2017 11:32:24 [root-INFO]:Heart
Wed, 08 Nov 2017 11:32:25 [root-INFO]:{'sequence': 98, 'state': 'done', 'name': 'camera._takePicture'}
Wed, 08 Nov 2017 11:32:26 [root-INFO]:Heart
Wed, 08 Nov 2017 11:32:28 [root-INFO]:Heart
Wed, 08 Nov 2017 11:32:30 [root-INFO]:Heart
Wed, 08 Nov 2017 11:32:32 [root-INFO]:Heart
Wed, 08 Nov 2017 11:32:34 [root-INFO]:Heart
Wed, 08 Nov 2017 11:32:36 [root-INFO]:Heart
Wed, 08 Nov 2017 11:32:39 [root-INFO]:Heart
Wed, 08 Nov 2017 11:32:41 [root-INFO]:Heart
Wed, 08 Nov 2017 11:32:43 [root-WARNING]:TakePic
Wed, 08 Nov 2017 11:32:43 [root-INFO]:Heart
Wed, 08 Nov 2017 11:32:45 [root-INFO]:Heart
Wed, 08 Nov 2017 11:32:46 [root-INFO]:{'sequence': 99, 'state': 'done', 'name': 'camera._takePicture'}
Wed, 08 Nov 2017 11:32:47 [root-INFO]:Heart
Wed, 08 Nov 2017 11:32:49 [root-INFO]:Heart
Wed, 08 Nov 2017 11:32:51 [root-INFO]:Heart
Wed, 08 Nov 2017 11:32:54 [root-INFO]:Heart
Wed, 08 Nov 2017 11:32:56 [root-INFO]:Heart
Wed, 08 Nov 2017 11:32:58 [root-INFO]:Heart
Wed, 08 Nov 2017 11:33:00 [root-INFO]:Heart
Wed, 08 Nov 2017 11:33:03 [root-INFO]:Heart
Wed, 08 Nov 2017 11:33:04 [root-WARNING]:TakePic
Wed, 08 Nov 2017 11:33:05 [root-INFO]:Heart
Wed, 08 Nov 2017 11:33:07 [root-INFO]:Heart
Wed, 08 Nov 2017 11:33:07 [root-INFO]:{'sequence': 100, 'state': 'done', 'name': 'camera._takePicture'}
Wed, 08 Nov 2017 11:33:09 [root-INFO]:Heart
Wed, 08 Nov 2017 11:33:12 [root-INFO]:Heart
Wed, 08 Nov 2017 11:33:14 [root-INFO]:Heart
Wed, 08 Nov 2017 11:33:16 [root-INFO]:Heart
Wed, 08 Nov 2017 11:33:18 [root-INFO]:Heart
Wed, 08 Nov 2017 11:33:20 [root-INFO]:Heart
Wed, 08 Nov 2017 11:33:22 [root-INFO]:Heart
Wed, 08 Nov 2017 11:33:24 [root-INFO]:Heart
Wed, 08 Nov 2017 11:33:25 [root-WARNING]:TakePic
Wed, 08 Nov 2017 11:33:27 [root-INFO]:Heart
Wed, 08 Nov 2017 11:33:28 [root-INFO]:{'sequence': 101, 'state': 'done', 'name': 'camera._takePicture'}
Wed, 08 Nov 2017 11:33:29 [root-INFO]:Heart
Wed, 08 Nov 2017 11:33:31 [root-INFO]:Heart
Wed, 08 Nov 2017 11:33:33 [root-INFO]:Heart
Wed, 08 Nov 2017 11:33:35 [root-INFO]:Heart
Wed, 08 Nov 2017 11:33:42 [root-INFO]:Heart
Wed, 08 Nov 2017 11:33:44 [root-INFO]:Heart
Wed, 08 Nov 2017 11:33:46 [root-WARNING]:TakePic
Wed, 08 Nov 2017 11:33:46 [root-INFO]:Heart
Wed, 08 Nov 2017 11:33:49 [root-INFO]:Heart
Wed, 08 Nov 2017 11:33:49 [root-INFO]:{'sequence': 102, 'state': 'done', 'name': 'camera._takePicture'}
Wed, 08 Nov 2017 11:33:51 [root-INFO]:Heart
Wed, 08 Nov 2017 11:33:53 [root-INFO]:Heart
Wed, 08 Nov 2017 11:33:55 [root-INFO]:Heart
Wed, 08 Nov 2017 11:33:58 [root-INFO]:Heart
Wed, 08 Nov 2017 11:34:00 [root-INFO]:Heart
Wed, 08 Nov 2017 11:34:02 [root-INFO]:Heart
Wed, 08 Nov 2017 11:34:04 [root-INFO]:Heart
Wed, 08 Nov 2017 11:34:06 [root-INFO]:Heart
Wed, 08 Nov 2017 11:34:07 [root-WARNING]:TakePic
Wed, 08 Nov 2017 11:34:13 [root-INFO]:Heart
Wed, 08 Nov 2017 11:34:13 [root-INFO]:{'sequence': 103, 'state': 'done', 'name': 'camera._takePicture'}
Wed, 08 Nov 2017 11:34:16 [root-INFO]:Heart
Wed, 08 Nov 2017 11:34:21 [root-INFO]:Heart
Wed, 08 Nov 2017 11:34:23 [root-INFO]:Heart
Wed, 08 Nov 2017 11:34:25 [root-INFO]:Heart
Wed, 08 Nov 2017 11:34:27 [root-INFO]:Heart
Wed, 08 Nov 2017 11:34:30 [root-INFO]:Heart
Wed, 08 Nov 2017 11:34:31 [root-WARNING]:TakePic
Wed, 08 Nov 2017 11:34:32 [root-INFO]:Heart
Wed, 08 Nov 2017 11:34:34 [root-INFO]:Heart
Wed, 08 Nov 2017 11:34:35 [root-INFO]:{'sequence': 104, 'state': 'done', 'name': 'camera._takePicture'}
Wed, 08 Nov 2017 11:34:36 [root-INFO]:Heart
Wed, 08 Nov 2017 11:34:38 [root-INFO]:Heart
Wed, 08 Nov 2017 11:34:41 [root-INFO]:Heart
Wed, 08 Nov 2017 11:34:43 [root-INFO]:Heart
Wed, 08 Nov 2017 11:34:45 [root-INFO]:Heart
Wed, 08 Nov 2017 11:34:47 [root-INFO]:Heart
Wed, 08 Nov 2017 11:34:49 [root-INFO]:Heart
Wed, 08 Nov 2017 11:34:51 [root-INFO]:Heart
Wed, 08 Nov 2017 11:34:53 [root-WARNING]:TakePic
Wed, 08 Nov 2017 11:34:53 [root-INFO]:Heart
Wed, 08 Nov 2017 11:34:56 [root-INFO]:Heart
Wed, 08 Nov 2017 11:34:56 [root-INFO]:{'sequence': 105, 'state': 'done', 'name': 'camera._takePicture'}
Wed, 08 Nov 2017 11:34:58 [root-INFO]:Heart
Wed, 08 Nov 2017 11:35:00 [root-INFO]:Heart
Wed, 08 Nov 2017 11:35:02 [root-INFO]:Heart
Wed, 08 Nov 2017 11:35:04 [root-INFO]:Heart
Wed, 08 Nov 2017 11:35:07 [root-INFO]:Heart
Wed, 08 Nov 2017 11:35:09 [root-INFO]:Heart
Wed, 08 Nov 2017 11:35:11 [root-INFO]:Heart
Wed, 08 Nov 2017 11:35:13 [root-INFO]:Heart
Wed, 08 Nov 2017 11:35:14 [root-WARNING]:TakePic
Wed, 08 Nov 2017 11:35:15 [root-INFO]:Heart
Wed, 08 Nov 2017 11:35:17 [root-INFO]:{'sequence': 106, 'state': 'done', 'name': 'camera._takePicture'}
Wed, 08 Nov 2017 11:35:18 [root-INFO]:Heart
Wed, 08 Nov 2017 11:35:20 [root-INFO]:Heart
Wed, 08 Nov 2017 11:35:22 [root-INFO]:Heart
Wed, 08 Nov 2017 11:35:24 [root-INFO]:Heart
Wed, 08 Nov 2017 11:35:27 [root-INFO]:Heart
Wed, 08 Nov 2017 11:35:31 [root-INFO]:Heart
Wed, 08 Nov 2017 11:35:33 [root-INFO]:Heart
Wed, 08 Nov 2017 11:35:35 [root-INFO]:Heart
Wed, 08 Nov 2017 11:35:35 [root-WARNING]:TakePic
Wed, 08 Nov 2017 11:35:37 [root-INFO]:Heart
Wed, 08 Nov 2017 11:35:38 [root-INFO]:{'sequence': 107, 'state': 'done', 'name': 'camera._takePicture'}
Wed, 08 Nov 2017 11:35:39 [root-INFO]:Heart
Wed, 08 Nov 2017 11:35:42 [root-INFO]:Heart
Wed, 08 Nov 2017 11:35:44 [root-INFO]:Heart
Wed, 08 Nov 2017 11:35:46 [root-INFO]:Heart
Wed, 08 Nov 2017 11:35:56 [root-WARNING]:TakePic
Wed, 08 Nov 2017 11:35:59 [root-INFO]:{'error': {'code': 'disabledCommand', 'description': 'camera not connected'}, 'state': 'exception', 'name': {'parameters': {'origin': {'height': 3000, 'mime': 'jpeg', 'saveOrigin': 'true', 'width': 4000}, 'stiching': {'height': 7680, 'mime': 'jpeg', 'mode': '3d_top_left', 'width': 7680}, 'delay': 0}, 'name': 'camera._takePicture'}}
Wed, 08 Nov 2017 11:35:59 [root-INFO]:reconnect ..!
Wed, 08 Nov 2017 11:40:12 [root-INFO]:Heart
Wed, 08 Nov 2017 11:40:12 [root-WARNING]:TakePic
Wed, 08 Nov 2017 11:40:14 [root-INFO]:Heart
Wed, 08 Nov 2017 11:40:15 [root-INFO]:{'sequence': 113, 'state': 'done', 'name': 'camera._takePicture'}
Wed, 08 Nov 2017 11:40:16 [root-INFO]:Heart
Wed, 08 Nov 2017 11:40:18 [root-INFO]:Heart
Wed, 08 Nov 2017 11:40:21 [root-INFO]:Heart
Wed, 08 Nov 2017 11:40:23 [root-INFO]:Heart
Wed, 08 Nov 2017 11:40:25 [root-INFO]:Heart
Wed, 08 Nov 2017 11:40:27 [root-INFO]:Heart
Wed, 08 Nov 2017 11:40:29 [root-INFO]:Heart
Wed, 08 Nov 2017 11:40:32 [root-INFO]:Heart
Wed, 08 Nov 2017 11:40:33 [root-WARNING]:TakePic
Wed, 08 Nov 2017 11:40:34 [root-INFO]:Heart
Wed, 08 Nov 2017 11:40:36 [root-INFO]:Heart
Wed, 08 Nov 2017 11:40:36 [root-INFO]:{'sequence': 114, 'state': 'done', 'name': 'camera._takePicture'}
Wed, 08 Nov 2017 11:40:38 [root-INFO]:Heart
Wed, 08 Nov 2017 11:40:41 [root-INFO]:Heart
Wed, 08 Nov 2017 11:40:43 [root-INFO]:Heart
Wed, 08 Nov 2017 11:40:45 [root-INFO]:Heart
Wed, 08 Nov 2017 11:40:47 [root-INFO]:Heart
Wed, 08 Nov 2017 11:40:49 [root-INFO]:Heart
Wed, 08 Nov 2017 11:40:51 [root-INFO]:Heart
Wed, 08 Nov 2017 11:40:53 [root-INFO]:Heart
Wed, 08 Nov 2017 11:40:54 [root-WARNING]:TakePic
Wed, 08 Nov 2017 11:40:56 [root-INFO]:Heart
Wed, 08 Nov 2017 11:40:58 [root-INFO]:{'sequence': 115, 'state': 'done', 'name': 'camera._takePicture'}
Wed, 08 Nov 2017 11:40:58 [root-INFO]:Heart
Wed, 08 Nov 2017 11:41:00 [root-INFO]:Heart
Wed, 08 Nov 2017 11:41:02 [root-INFO]:Heart
Wed, 08 Nov 2017 11:41:04 [root-INFO]:Heart
Wed, 08 Nov 2017 11:41:06 [root-INFO]:Heart
Wed, 08 Nov 2017 11:41:08 [root-INFO]:Heart
Wed, 08 Nov 2017 11:41:10 [root-INFO]:Heart
Wed, 08 Nov 2017 11:41:15 [root-INFO]:Heart
Wed, 08 Nov 2017 11:41:16 [root-WARNING]:TakePic
Wed, 08 Nov 2017 11:41:17 [root-INFO]:Heart
Wed, 08 Nov 2017 11:41:19 [root-INFO]:{'sequence': 116, 'state': 'done', 'name': 'camera._takePicture'}
Wed, 08 Nov 2017 11:41:19 [root-INFO]:Heart
Wed, 08 Nov 2017 11:41:21 [root-INFO]:Heart
Wed, 08 Nov 2017 11:41:23 [root-INFO]:Heart
Wed, 08 Nov 2017 11:41:26 [root-INFO]:Heart
Wed, 08 Nov 2017 11:41:28 [root-INFO]:Heart
Wed, 08 Nov 2017 11:41:30 [root-INFO]:Heart
Wed, 08 Nov 2017 11:41:32 [root-INFO]:Heart
Wed, 08 Nov 2017 11:41:35 [root-INFO]:Heart
Wed, 08 Nov 2017 11:41:37 [root-INFO]:Heart
Wed, 08 Nov 2017 11:41:37 [root-WARNING]:TakePic
Wed, 08 Nov 2017 11:41:39 [root-INFO]:Heart
Wed, 08 Nov 2017 11:41:40 [root-INFO]:{'sequence': 117, 'state': 'done', 'name': 'camera._takePicture'}
Wed, 08 Nov 2017 11:41:41 [root-INFO]:Heart
Wed, 08 Nov 2017 11:41:43 [root-INFO]:Heart
Wed, 08 Nov 2017 11:41:45 [root-INFO]:Heart
Wed, 08 Nov 2017 11:41:47 [root-INFO]:Heart
Wed, 08 Nov 2017 11:41:49 [root-INFO]:Heart
Wed, 08 Nov 2017 11:41:52 [root-INFO]:Heart
Wed, 08 Nov 2017 11:41:54 [root-INFO]:Heart
Wed, 08 Nov 2017 11:41:56 [root-INFO]:Heart
Wed, 08 Nov 2017 11:41:58 [root-WARNING]:TakePic
Wed, 08 Nov 2017 11:41:58 [root-INFO]:Heart
Wed, 08 Nov 2017 11:42:00 [root-INFO]:Heart
Wed, 08 Nov 2017 11:42:01 [root-INFO]:{'sequence': 118, 'state': 'done', 'name': 'camera._takePicture'}
Wed, 08 Nov 2017 11:42:02 [root-INFO]:Heart
Wed, 08 Nov 2017 11:42:04 [root-INFO]:Heart
Wed, 08 Nov 2017 11:42:06 [root-INFO]:Heart
Wed, 08 Nov 2017 11:42:09 [root-INFO]:Heart
Wed, 08 Nov 2017 11:42:11 [root-INFO]:Heart
Wed, 08 Nov 2017 11:42:13 [root-INFO]:Heart
Wed, 08 Nov 2017 11:42:16 [root-INFO]:Heart
Wed, 08 Nov 2017 11:42:18 [root-INFO]:Heart
Wed, 08 Nov 2017 11:42:19 [root-WARNING]:TakePic
Wed, 08 Nov 2017 11:42:20 [root-INFO]:Heart
Wed, 08 Nov 2017 11:42:22 [root-INFO]:Heart
Wed, 08 Nov 2017 11:42:23 [root-INFO]:{'sequence': 119, 'state': 'done', 'name': 'camera._takePicture'}
Wed, 08 Nov 2017 11:42:24 [root-INFO]:Heart
Wed, 08 Nov 2017 11:42:26 [root-INFO]:Heart
Wed, 08 Nov 2017 11:42:28 [root-INFO]:Heart
Wed, 08 Nov 2017 11:42:31 [root-INFO]:Heart
Wed, 08 Nov 2017 11:42:33 [root-INFO]:Heart
Wed, 08 Nov 2017 11:42:35 [root-INFO]:Heart
Wed, 08 Nov 2017 11:42:37 [root-INFO]:Heart
Wed, 08 Nov 2017 11:42:39 [root-INFO]:Heart
Wed, 08 Nov 2017 11:42:41 [root-WARNING]:TakePic
Wed, 08 Nov 2017 11:42:41 [root-INFO]:Heart
Wed, 08 Nov 2017 11:42:43 [root-INFO]:Heart
Wed, 08 Nov 2017 11:42:43 [root-INFO]:{'sequence': 120, 'state': 'done', 'name': 'camera._takePicture'}
Wed, 08 Nov 2017 11:42:45 [root-INFO]:Heart
Wed, 08 Nov 2017 11:42:48 [root-INFO]:Heart
Wed, 08 Nov 2017 11:42:50 [root-INFO]:Heart
Wed, 08 Nov 2017 11:42:54 [root-INFO]:Heart
Wed, 08 Nov 2017 11:42:56 [root-INFO]:Heart
Wed, 08 Nov 2017 11:42:58 [root-INFO]:Heart
Wed, 08 Nov 2017 11:43:00 [root-INFO]:Heart
Wed, 08 Nov 2017 11:43:01 [root-WARNING]:TakePic
Wed, 08 Nov 2017 11:43:03 [root-INFO]:Heart
Wed, 08 Nov 2017 11:43:05 [root-INFO]:{'sequence': 121, 'state': 'done', 'name': 'camera._takePicture'}
Wed, 08 Nov 2017 11:43:05 [root-INFO]:Heart
Wed, 08 Nov 2017 11:43:07 [root-INFO]:Heart
Wed, 08 Nov 2017 11:43:09 [root-INFO]:Heart
Wed, 08 Nov 2017 11:43:11 [root-INFO]:Heart
Wed, 08 Nov 2017 11:43:13 [root-INFO]:Heart
Wed, 08 Nov 2017 11:43:15 [root-INFO]:Heart
Wed, 08 Nov 2017 11:43:18 [root-INFO]:Heart
Wed, 08 Nov 2017 11:43:20 [root-INFO]:Heart
Wed, 08 Nov 2017 11:43:22 [root-INFO]:Heart
Wed, 08 Nov 2017 11:43:23 [root-WARNING]:TakePic
Wed, 08 Nov 2017 11:43:24 [root-INFO]:Heart
Wed, 08 Nov 2017 11:43:26 [root-INFO]:{'sequence': 122, 'state': 'done', 'name': 'camera._takePicture'}
Wed, 08 Nov 2017 11:43:27 [root-INFO]:Heart
Wed, 08 Nov 2017 11:43:29 [root-INFO]:Heart
Wed, 08 Nov 2017 11:43:32 [root-INFO]:Heart
Wed, 08 Nov 2017 11:43:34 [root-INFO]:Heart
Wed, 08 Nov 2017 11:43:36 [root-INFO]:Heart
Wed, 08 Nov 2017 11:43:38 [root-INFO]:Heart
Wed, 08 Nov 2017 11:43:40 [root-INFO]:Heart
Wed, 08 Nov 2017 11:43:42 [root-INFO]:Heart
Wed, 08 Nov 2017 11:43:44 [root-WARNING]:TakePic
Wed, 08 Nov 2017 11:43:45 [root-INFO]:Heart
Wed, 08 Nov 2017 11:43:47 [root-INFO]:{'sequence': 123, 'state': 'done', 'name': 'camera._takePicture'}
Wed, 08 Nov 2017 11:43:47 [root-INFO]:Heart
Wed, 08 Nov 2017 11:43:49 [root-INFO]:Heart
Wed, 08 Nov 2017 11:43:51 [root-INFO]:Heart
Wed, 08 Nov 2017 11:43:53 [root-INFO]:Heart
Wed, 08 Nov 2017 11:43:55 [root-INFO]:Heart
Wed, 08 Nov 2017 11:43:57 [root-INFO]:Heart
Wed, 08 Nov 2017 11:44:00 [root-INFO]:Heart
Wed, 08 Nov 2017 11:44:02 [root-INFO]:Heart
Wed, 08 Nov 2017 11:44:04 [root-INFO]:Heart
Wed, 08 Nov 2017 11:44:05 [root-WARNING]:TakePic
Wed, 08 Nov 2017 11:44:06 [root-INFO]:Heart
Wed, 08 Nov 2017 11:44:08 [root-INFO]:{'sequence': 124, 'state': 'done', 'name': 'camera._takePicture'}
Wed, 08 Nov 2017 11:44:08 [root-INFO]:Heart
Wed, 08 Nov 2017 11:44:10 [root-INFO]:Heart
Wed, 08 Nov 2017 11:44:12 [root-INFO]:Heart
Wed, 08 Nov 2017 11:44:15 [root-INFO]:Heart
Wed, 08 Nov 2017 11:44:17 [root-INFO]:Heart
Wed, 08 Nov 2017 11:44:19 [root-INFO]:Heart
Wed, 08 Nov 2017 11:44:21 [root-INFO]:Heart
Wed, 08 Nov 2017 11:44:23 [root-INFO]:Heart
Wed, 08 Nov 2017 11:44:26 [root-INFO]:Heart
Wed, 08 Nov 2017 11:44:26 [root-WARNING]:TakePic
Wed, 08 Nov 2017 11:44:28 [root-INFO]:Heart
Wed, 08 Nov 2017 11:44:31 [root-INFO]:Heart
Wed, 08 Nov 2017 11:44:32 [root-INFO]:{'sequence': 125, 'state': 'done', 'name': 'camera._takePicture'}
Wed, 08 Nov 2017 11:44:34 [root-INFO]:Heart
Wed, 08 Nov 2017 11:44:36 [root-INFO]:Heart
Wed, 08 Nov 2017 11:44:38 [root-INFO]:Heart
Wed, 08 Nov 2017 11:44:41 [root-INFO]:Heart
Wed, 08 Nov 2017 11:44:43 [root-INFO]:Heart
Wed, 08 Nov 2017 11:44:45 [root-INFO]:Heart
Wed, 08 Nov 2017 11:44:47 [root-INFO]:Heart
Wed, 08 Nov 2017 11:44:49 [root-INFO]:Heart
Wed, 08 Nov 2017 11:44:50 [root-WARNING]:TakePic
Wed, 08 Nov 2017 11:44:52 [root-INFO]:Heart
Wed, 08 Nov 2017 11:44:53 [root-INFO]:{'sequence': 126, 'state': 'done', 'name': 'camera._takePicture'}
Wed, 08 Nov 2017 11:44:54 [root-INFO]:Heart
Wed, 08 Nov 2017 11:44:56 [root-INFO]:Heart
Wed, 08 Nov 2017 11:44:59 [root-INFO]:Heart
Wed, 08 Nov 2017 11:45:02 [root-INFO]:Heart
Wed, 08 Nov 2017 11:45:04 [root-INFO]:Heart
Wed, 08 Nov 2017 11:45:06 [root-INFO]:Heart
Wed, 08 Nov 2017 11:45:08 [root-INFO]:Heart
Wed, 08 Nov 2017 11:45:10 [root-INFO]:Heart
Wed, 08 Nov 2017 11:45:11 [root-WARNING]:TakePic
Wed, 08 Nov 2017 11:45:13 [root-INFO]:Heart
Wed, 08 Nov 2017 11:45:14 [root-INFO]:{'sequence': 127, 'state': 'done', 'name': 'camera._takePicture'}
Wed, 08 Nov 2017 11:45:15 [root-INFO]:Heart
Wed, 08 Nov 2017 11:45:17 [root-INFO]:Heart
Wed, 08 Nov 2017 11:45:19 [root-INFO]:Heart
Wed, 08 Nov 2017 11:45:21 [root-INFO]:Heart
Wed, 08 Nov 2017 11:45:24 [root-INFO]:Heart
Wed, 08 Nov 2017 11:45:26 [root-INFO]:Heart
Wed, 08 Nov 2017 11:45:28 [root-INFO]:Heart
Wed, 08 Nov 2017 11:45:30 [root-INFO]:Heart
Wed, 08 Nov 2017 11:45:32 [root-WARNING]:TakePic
Wed, 08 Nov 2017 11:45:32 [root-INFO]:Heart
Wed, 08 Nov 2017 11:45:34 [root-INFO]:Heart
Wed, 08 Nov 2017 11:45:35 [root-INFO]:{'sequence': 128, 'state': 'done', 'name': 'camera._takePicture'}
Wed, 08 Nov 2017 11:45:37 [root-INFO]:Heart
Wed, 08 Nov 2017 11:45:39 [root-INFO]:Heart
Wed, 08 Nov 2017 11:45:41 [root-INFO]:Heart
Wed, 08 Nov 2017 11:45:43 [root-INFO]:Heart
Wed, 08 Nov 2017 11:45:46 [root-INFO]:Heart
Wed, 08 Nov 2017 11:45:48 [root-INFO]:Heart
Wed, 08 Nov 2017 11:45:50 [root-INFO]:Heart
Wed, 08 Nov 2017 11:45:52 [root-INFO]:Heart
Wed, 08 Nov 2017 11:45:53 [root-WARNING]:TakePic
Wed, 08 Nov 2017 11:45:54 [root-INFO]:Heart
Wed, 08 Nov 2017 11:45:57 [root-INFO]:Heart
Wed, 08 Nov 2017 11:45:57 [root-INFO]:{'sequence': 129, 'state': 'done', 'name': 'camera._takePicture'}
Wed, 08 Nov 2017 11:45:59 [root-INFO]:Heart
Wed, 08 Nov 2017 11:46:01 [root-INFO]:Heart
Wed, 08 Nov 2017 11:46:04 [root-INFO]:Heart
Wed, 08 Nov 2017 11:46:06 [root-INFO]:Heart
Wed, 08 Nov 2017 11:46:09 [root-INFO]:Heart
Wed, 08 Nov 2017 11:46:11 [root-INFO]:Heart
Wed, 08 Nov 2017 11:46:13 [root-INFO]:Heart
Wed, 08 Nov 2017 11:46:15 [root-WARNING]:TakePic
Wed, 08 Nov 2017 11:46:15 [root-INFO]:Heart
Wed, 08 Nov 2017 11:46:17 [root-INFO]:Heart
Wed, 08 Nov 2017 11:46:18 [root-INFO]:{'sequence': 130, 'state': 'done', 'name': 'camera._takePicture'}
Wed, 08 Nov 2017 11:46:20 [root-INFO]:Heart
Wed, 08 Nov 2017 11:46:22 [root-INFO]:Heart
Wed, 08 Nov 2017 11:46:24 [root-INFO]:Heart
Wed, 08 Nov 2017 11:46:27 [root-INFO]:Heart
Wed, 08 Nov 2017 11:46:29 [root-INFO]:Heart
Wed, 08 Nov 2017 11:46:32 [root-INFO]:Heart
Wed, 08 Nov 2017 11:46:36 [root-WARNING]:TakePic
Wed, 08 Nov 2017 11:46:38 [root-INFO]:Heart
Wed, 08 Nov 2017 11:46:39 [root-INFO]:{'sequence': 131, 'state': 'done', 'name': 'camera._takePicture'}
Wed, 08 Nov 2017 11:46:41 [root-INFO]:Heart
Wed, 08 Nov 2017 11:46:43 [root-INFO]:Heart
Wed, 08 Nov 2017 11:46:45 [root-INFO]:Heart
Wed, 08 Nov 2017 11:46:47 [root-INFO]:Heart
Wed, 08 Nov 2017 11:46:49 [root-INFO]:Heart
Wed, 08 Nov 2017 11:46:51 [root-INFO]:Heart
Wed, 08 Nov 2017 11:46:54 [root-INFO]:Heart
Wed, 08 Nov 2017 11:46:56 [root-INFO]:Heart
Wed, 08 Nov 2017 11:46:57 [root-WARNING]:TakePic
Wed, 08 Nov 2017 11:46:58 [root-INFO]:Heart
Wed, 08 Nov 2017 11:47:00 [root-INFO]:Heart
Wed, 08 Nov 2017 11:47:01 [root-INFO]:{'sequence': 132, 'state': 'done', 'name': 'camera._takePicture'}
Wed, 08 Nov 2017 11:47:02 [root-INFO]:Heart
Wed, 08 Nov 2017 11:47:04 [root-INFO]:Heart
Wed, 08 Nov 2017 11:47:06 [root-INFO]:Heart
Wed, 08 Nov 2017 11:47:09 [root-INFO]:Heart
Wed, 08 Nov 2017 11:47:11 [root-INFO]:Heart
Wed, 08 Nov 2017 11:47:13 [root-INFO]:Heart
Wed, 08 Nov 2017 11:47:16 [root-INFO]:Heart
Wed, 08 Nov 2017 11:47:18 [root-INFO]:Heart
Wed, 08 Nov 2017 11:47:19 [root-WARNING]:TakePic
Wed, 08 Nov 2017 11:47:20 [root-INFO]:Heart
Wed, 08 Nov 2017 11:47:22 [root-INFO]:{'sequence': 133, 'state': 'done', 'name': 'camera._takePicture'}
Wed, 08 Nov 2017 11:47:22 [root-INFO]:Heart
Wed, 08 Nov 2017 11:47:24 [root-INFO]:Heart
Wed, 08 Nov 2017 11:47:27 [root-INFO]:Heart
Wed, 08 Nov 2017 11:47:29 [root-INFO]:Heart
Wed, 08 Nov 2017 11:47:31 [root-INFO]:Heart
Wed, 08 Nov 2017 11:47:33 [root-INFO]:Heart
Wed, 08 Nov 2017 11:47:35 [root-INFO]:Heart
Wed, 08 Nov 2017 11:47:38 [root-INFO]:Heart
Wed, 08 Nov 2017 11:47:40 [root-INFO]:Heart
Wed, 08 Nov 2017 11:47:40 [root-WARNING]:TakePic
Wed, 08 Nov 2017 11:47:42 [root-INFO]:Heart
Wed, 08 Nov 2017 11:47:43 [root-INFO]:{'sequence': 134, 'state': 'done', 'name': 'camera._takePicture'}
Wed, 08 Nov 2017 11:47:44 [root-INFO]:Heart
Wed, 08 Nov 2017 11:47:46 [root-INFO]:Heart
Wed, 08 Nov 2017 11:47:48 [root-INFO]:Heart
Wed, 08 Nov 2017 11:47:51 [root-INFO]:Heart
Wed, 08 Nov 2017 11:47:53 [root-INFO]:Heart
Wed, 08 Nov 2017 11:47:55 [root-INFO]:Heart
Wed, 08 Nov 2017 11:47:57 [root-INFO]:Heart
Wed, 08 Nov 2017 11:48:00 [root-INFO]:Heart
Wed, 08 Nov 2017 11:48:01 [root-WARNING]:TakePic
Wed, 08 Nov 2017 11:48:02 [root-INFO]:Heart
Wed, 08 Nov 2017 11:48:04 [root-INFO]:{'sequence': 135, 'state': 'done', 'name': 'camera._takePicture'}
Wed, 08 Nov 2017 11:48:04 [root-INFO]:Heart
Wed, 08 Nov 2017 11:48:06 [root-INFO]:Heart
Wed, 08 Nov 2017 11:48:08 [root-INFO]:Heart
Wed, 08 Nov 2017 11:48:10 [root-INFO]:Heart
Wed, 08 Nov 2017 11:48:12 [root-INFO]:Heart
Wed, 08 Nov 2017 11:48:14 [root-INFO]:Heart
Wed, 08 Nov 2017 11:48:17 [root-INFO]:Heart
Wed, 08 Nov 2017 11:48:19 [root-INFO]:Heart
Wed, 08 Nov 2017 11:48:21 [root-INFO]:Heart
Wed, 08 Nov 2017 11:48:22 [root-WARNING]:TakePic
Wed, 08 Nov 2017 11:48:23 [root-INFO]:Heart
Wed, 08 Nov 2017 11:48:25 [root-INFO]:Heart
Wed, 08 Nov 2017 11:48:25 [root-INFO]:{'sequence': 136, 'state': 'done', 'name': 'camera._takePicture'}
Wed, 08 Nov 2017 11:48:27 [root-INFO]:Heart
Wed, 08 Nov 2017 11:48:30 [root-INFO]:Heart
Wed, 08 Nov 2017 11:48:32 [root-INFO]:Heart
Wed, 08 Nov 2017 11:48:34 [root-INFO]:Heart
Wed, 08 Nov 2017 11:48:36 [root-INFO]:Heart
Wed, 08 Nov 2017 11:48:39 [root-INFO]:Heart
Wed, 08 Nov 2017 11:48:41 [root-INFO]:Heart
Wed, 08 Nov 2017 11:48:43 [root-INFO]:Heart
Wed, 08 Nov 2017 11:48:43 [root-WARNING]:TakePic
Wed, 08 Nov 2017 11:48:45 [root-INFO]:Heart
Wed, 08 Nov 2017 11:48:47 [root-INFO]:{'sequence': 137, 'state': 'done', 'name': 'camera._takePicture'}
Wed, 08 Nov 2017 11:48:48 [root-INFO]:Heart
Wed, 08 Nov 2017 11:48:50 [root-INFO]:Heart
Wed, 08 Nov 2017 11:48:52 [root-INFO]:Heart
Wed, 08 Nov 2017 11:48:54 [root-INFO]:Heart
Wed, 08 Nov 2017 11:48:56 [root-INFO]:Heart
Wed, 08 Nov 2017 11:48:58 [root-INFO]:Heart
Wed, 08 Nov 2017 11:49:00 [root-INFO]:Heart
Wed, 08 Nov 2017 11:49:03 [root-INFO]:Heart
Wed, 08 Nov 2017 11:49:05 [root-WARNING]:TakePic
Wed, 08 Nov 2017 11:49:05 [root-INFO]:Heart
Wed, 08 Nov 2017 11:49:07 [root-INFO]:Heart
Wed, 08 Nov 2017 11:49:08 [root-INFO]:{'sequence': 138, 'state': 'done', 'name': 'camera._takePicture'}
Wed, 08 Nov 2017 11:49:09 [root-INFO]:Heart
Wed, 08 Nov 2017 11:49:11 [root-INFO]:Heart
Wed, 08 Nov 2017 11:49:13 [root-INFO]:Heart
Wed, 08 Nov 2017 11:49:15 [root-INFO]:Heart
Wed, 08 Nov 2017 11:49:18 [root-INFO]:Heart
Wed, 08 Nov 2017 11:49:20 [root-INFO]:Heart
Wed, 08 Nov 2017 11:49:22 [root-INFO]:Heart
Wed, 08 Nov 2017 11:49:24 [root-INFO]:Heart
Wed, 08 Nov 2017 11:49:26 [root-WARNING]:TakePic
Wed, 08 Nov 2017 11:49:26 [root-INFO]:Heart
Wed, 08 Nov 2017 11:49:28 [root-INFO]:Heart
Wed, 08 Nov 2017 11:49:29 [root-INFO]:{'sequence': 139, 'state': 'done', 'name': 'camera._takePicture'}
Wed, 08 Nov 2017 11:49:30 [root-INFO]:Heart
Wed, 08 Nov 2017 11:49:33 [root-INFO]:Heart
Wed, 08 Nov 2017 11:49:35 [root-INFO]:Heart
Wed, 08 Nov 2017 11:49:37 [root-INFO]:Heart
Wed, 08 Nov 2017 11:49:39 [root-INFO]:Heart
Wed, 08 Nov 2017 11:49:41 [root-INFO]:Heart
Wed, 08 Nov 2017 11:49:43 [root-INFO]:Heart
Wed, 08 Nov 2017 11:49:45 [root-INFO]:Heart
Wed, 08 Nov 2017 11:49:47 [root-WARNING]:TakePic
Wed, 08 Nov 2017 11:49:48 [root-INFO]:Heart
Wed, 08 Nov 2017 11:49:50 [root-INFO]:Heart
Wed, 08 Nov 2017 11:49:50 [root-INFO]:{'sequence': 140, 'state': 'done', 'name': 'camera._takePicture'}
Wed, 08 Nov 2017 11:49:52 [root-INFO]:Heart
Wed, 08 Nov 2017 11:49:54 [root-INFO]:Heart
Wed, 08 Nov 2017 11:49:56 [root-INFO]:Heart
Wed, 08 Nov 2017 11:49:58 [root-INFO]:Heart
Wed, 08 Nov 2017 11:50:01 [root-INFO]:Heart
Wed, 08 Nov 2017 11:50:03 [root-INFO]:Heart
Wed, 08 Nov 2017 11:50:05 [root-INFO]:Heart
Wed, 08 Nov 2017 11:50:07 [root-INFO]:Heart
Wed, 08 Nov 2017 11:50:08 [root-WARNING]:TakePic
Wed, 08 Nov 2017 11:50:10 [root-INFO]:Heart
Wed, 08 Nov 2017 11:50:17 [root-INFO]:{'sequence': 141, 'state': 'done', 'name': 'camera._takePicture'}
Wed, 08 Nov 2017 11:50:18 [root-INFO]:Heart
Wed, 08 Nov 2017 11:50:20 [root-INFO]:Heart
Wed, 08 Nov 2017 11:50:23 [root-INFO]:Heart
Wed, 08 Nov 2017 11:50:25 [root-INFO]:Heart
Wed, 08 Nov 2017 11:50:27 [root-INFO]:Heart
Wed, 08 Nov 2017 11:50:29 [root-INFO]:Heart
Wed, 08 Nov 2017 11:50:31 [root-INFO]:Heart
Wed, 08 Nov 2017 11:50:33 [root-INFO]:Heart
Wed, 08 Nov 2017 11:50:35 [root-WARNING]:TakePic
Wed, 08 Nov 2017 11:50:35 [root-INFO]:Heart
Wed, 08 Nov 2017 11:50:38 [root-INFO]:Heart
Wed, 08 Nov 2017 11:50:38 [root-INFO]:{'sequence': 142, 'state': 'done', 'name': 'camera._takePicture'}
Wed, 08 Nov 2017 11:50:40 [root-INFO]:Heart
Wed, 08 Nov 2017 11:50:42 [root-INFO]:Heart
Wed, 08 Nov 2017 11:50:44 [root-INFO]:Heart
Wed, 08 Nov 2017 11:50:47 [root-INFO]:Heart
Wed, 08 Nov 2017 11:50:49 [root-INFO]:Heart
Wed, 08 Nov 2017 11:50:51 [root-INFO]:Heart
Wed, 08 Nov 2017 11:50:53 [root-INFO]:Heart
Wed, 08 Nov 2017 11:50:55 [root-INFO]:Heart
Wed, 08 Nov 2017 11:50:56 [root-WARNING]:TakePic
Wed, 08 Nov 2017 11:50:58 [root-INFO]:Heart
Wed, 08 Nov 2017 11:50:59 [root-INFO]:{'sequence': 143, 'state': 'done', 'name': 'camera._takePicture'}
Wed, 08 Nov 2017 11:51:00 [root-INFO]:Heart
Wed, 08 Nov 2017 11:51:02 [root-INFO]:Heart
Wed, 08 Nov 2017 11:51:04 [root-INFO]:Heart
Wed, 08 Nov 2017 11:51:06 [root-INFO]:Heart
Wed, 08 Nov 2017 11:51:08 [root-INFO]:Heart
Wed, 08 Nov 2017 11:51:11 [root-INFO]:Heart
Wed, 08 Nov 2017 11:51:13 [root-INFO]:Heart
Wed, 08 Nov 2017 11:51:15 [root-INFO]:Heart
Wed, 08 Nov 2017 11:51:17 [root-WARNING]:TakePic
Wed, 08 Nov 2017 11:51:17 [root-INFO]:Heart
Wed, 08 Nov 2017 11:51:20 [root-INFO]:Heart
Wed, 08 Nov 2017 11:51:21 [root-INFO]:{'sequence': 144, 'state': 'done', 'name': 'camera._takePicture'}
Wed, 08 Nov 2017 11:51:22 [root-INFO]:Heart
Wed, 08 Nov 2017 11:51:24 [root-INFO]:Heart
Wed, 08 Nov 2017 11:51:26 [root-INFO]:Heart
Wed, 08 Nov 2017 11:51:28 [root-INFO]:Heart
Wed, 08 Nov 2017 11:51:30 [root-INFO]:Heart
Wed, 08 Nov 2017 11:51:32 [root-INFO]:Heart
Wed, 08 Nov 2017 11:51:35 [root-INFO]:Heart
Wed, 08 Nov 2017 11:51:37 [root-INFO]:Heart
Wed, 08 Nov 2017 11:51:39 [root-WARNING]:TakePic
Wed, 08 Nov 2017 11:51:39 [root-INFO]:Heart
Wed, 08 Nov 2017 11:51:41 [root-INFO]:Heart
Wed, 08 Nov 2017 11:51:42 [root-INFO]:{'sequence': 145, 'state': 'done', 'name': 'camera._takePicture'}
Wed, 08 Nov 2017 11:51:44 [root-INFO]:Heart
Wed, 08 Nov 2017 11:51:46 [root-INFO]:Heart
Wed, 08 Nov 2017 11:51:48 [root-INFO]:Heart
Wed, 08 Nov 2017 11:51:50 [root-INFO]:Heart
Wed, 08 Nov 2017 11:51:52 [root-INFO]:Heart
Wed, 08 Nov 2017 11:51:55 [root-INFO]:Heart
Wed, 08 Nov 2017 11:51:57 [root-INFO]:Heart
Wed, 08 Nov 2017 11:52:00 [root-INFO]:Heart
Wed, 08 Nov 2017 11:52:00 [root-WARNING]:TakePic
Wed, 08 Nov 2017 11:52:02 [root-INFO]:Heart
Wed, 08 Nov 2017 11:52:03 [root-INFO]:{'sequence': 146, 'state': 'done', 'name': 'camera._takePicture'}
Wed, 08 Nov 2017 11:52:04 [root-INFO]:Heart
Wed, 08 Nov 2017 11:52:06 [root-INFO]:Heart
Wed, 08 Nov 2017 11:52:08 [root-INFO]:Heart
Wed, 08 Nov 2017 11:52:10 [root-INFO]:Heart
Wed, 08 Nov 2017 11:52:13 [root-INFO]:Heart
Wed, 08 Nov 2017 11:52:15 [root-INFO]:Heart
Wed, 08 Nov 2017 11:52:17 [root-INFO]:Heart
Wed, 08 Nov 2017 11:52:20 [root-INFO]:Heart
Wed, 08 Nov 2017 11:52:21 [root-WARNING]:TakePic
Wed, 08 Nov 2017 11:52:22 [root-INFO]:Heart
Wed, 08 Nov 2017 11:52:24 [root-INFO]:{'sequence': 147, 'state': 'done', 'name': 'camera._takePicture'}
Wed, 08 Nov 2017 11:52:24 [root-INFO]:Heart
Wed, 08 Nov 2017 11:52:27 [root-INFO]:Heart
Wed, 08 Nov 2017 11:52:33 [root-INFO]:Heart
Wed, 08 Nov 2017 11:52:35 [root-INFO]:Heart
Wed, 08 Nov 2017 11:52:37 [root-INFO]:Heart
Wed, 08 Nov 2017 11:52:40 [root-INFO]:Heart
Wed, 08 Nov 2017 11:52:42 [root-INFO]:Heart
Wed, 08 Nov 2017 11:52:42 [root-WARNING]:TakePic
Wed, 08 Nov 2017 11:52:45 [root-INFO]:Heart
Wed, 08 Nov 2017 11:52:45 [root-INFO]:{'sequence': 148, 'state': 'done', 'name': 'camera._takePicture'}
Wed, 08 Nov 2017 11:52:47 [root-INFO]:Heart
Wed, 08 Nov 2017 11:52:49 [root-INFO]:Heart
Wed, 08 Nov 2017 11:52:51 [root-INFO]:Heart
Wed, 08 Nov 2017 11:52:54 [root-INFO]:Heart
Wed, 08 Nov 2017 11:52:56 [root-INFO]:Heart
Wed, 08 Nov 2017 11:52:58 [root-INFO]:Heart
Wed, 08 Nov 2017 11:53:00 [root-INFO]:Heart
Wed, 08 Nov 2017 11:53:02 [root-INFO]:Heart
Wed, 08 Nov 2017 11:53:03 [root-WARNING]:TakePic
Wed, 08 Nov 2017 11:53:05 [root-INFO]:Heart
Wed, 08 Nov 2017 11:53:07 [root-INFO]:{'sequence': 149, 'state': 'done', 'name': 'camera._takePicture'}
Wed, 08 Nov 2017 11:53:07 [root-INFO]:Heart
Wed, 08 Nov 2017 11:53:09 [root-INFO]:Heart
Wed, 08 Nov 2017 11:53:11 [root-INFO]:Heart
Wed, 08 Nov 2017 11:53:13 [root-INFO]:Heart
Wed, 08 Nov 2017 11:53:15 [root-INFO]:Heart
Wed, 08 Nov 2017 11:53:18 [root-INFO]:Heart
Wed, 08 Nov 2017 11:53:20 [root-INFO]:Heart
Wed, 08 Nov 2017 11:53:22 [root-INFO]:Heart
Wed, 08 Nov 2017 11:53:24 [root-INFO]:Heart
Wed, 08 Nov 2017 11:53:25 [root-WARNING]:TakePic
Wed, 08 Nov 2017 11:53:26 [root-INFO]:Heart
Wed, 08 Nov 2017 11:53:28 [root-INFO]:{'sequence': 150, 'state': 'done', 'name': 'camera._takePicture'}
Wed, 08 Nov 2017 11:53:28 [root-INFO]:Heart
Wed, 08 Nov 2017 11:53:30 [root-INFO]:Heart
Wed, 08 Nov 2017 11:53:32 [root-INFO]:Heart
Wed, 08 Nov 2017 11:53:35 [root-INFO]:Heart
Wed, 08 Nov 2017 11:53:37 [root-INFO]:Heart
Wed, 08 Nov 2017 11:53:39 [root-INFO]:Heart
Wed, 08 Nov 2017 11:53:42 [root-INFO]:Heart
Wed, 08 Nov 2017 11:53:44 [root-INFO]:Heart
Wed, 08 Nov 2017 11:53:46 [root-INFO]:Heart
Wed, 08 Nov 2017 11:53:46 [root-WARNING]:TakePic
Wed, 08 Nov 2017 11:53:48 [root-INFO]:Heart
Wed, 08 Nov 2017 11:53:50 [root-INFO]:{'sequence': 151, 'state': 'done', 'name': 'camera._takePicture'}
Wed, 08 Nov 2017 11:53:51 [root-INFO]:Heart
Wed, 08 Nov 2017 11:53:53 [root-INFO]:Heart
Wed, 08 Nov 2017 11:53:55 [root-INFO]:Heart
Wed, 08 Nov 2017 11:53:57 [root-INFO]:Heart
Wed, 08 Nov 2017 11:54:01 [root-INFO]:Heart
Wed, 08 Nov 2017 11:54:03 [root-INFO]:Heart
Wed, 08 Nov 2017 11:54:05 [root-INFO]:Heart
Wed, 08 Nov 2017 11:54:07 [root-INFO]:Heart
Wed, 08 Nov 2017 11:54:08 [root-WARNING]:TakePic
Wed, 08 Nov 2017 11:54:09 [root-INFO]:Heart
Wed, 08 Nov 2017 11:54:11 [root-INFO]:{'sequence': 152, 'state': 'done', 'name': 'camera._takePicture'}
Wed, 08 Nov 2017 11:54:11 [root-INFO]:Heart
Wed, 08 Nov 2017 11:54:13 [root-INFO]:Heart
Wed, 08 Nov 2017 11:54:16 [root-INFO]:Heart
Wed, 08 Nov 2017 11:54:18 [root-INFO]:Heart
Wed, 08 Nov 2017 11:54:20 [root-INFO]:Heart
Wed, 08 Nov 2017 11:54:22 [root-INFO]:Heart
Wed, 08 Nov 2017 11:54:25 [root-INFO]:Heart
Wed, 08 Nov 2017 11:54:29 [root-WARNING]:TakePic
Wed, 08 Nov 2017 11:54:30 [root-INFO]:Heart
Wed, 08 Nov 2017 11:54:32 [root-INFO]:{'sequence': 153, 'state': 'done', 'name': 'camera._takePicture'}
Wed, 08 Nov 2017 11:54:33 [root-INFO]:Heart
Wed, 08 Nov 2017 11:54:35 [root-INFO]:Heart
Wed, 08 Nov 2017 11:54:37 [root-INFO]:Heart
Wed, 08 Nov 2017 11:54:39 [root-INFO]:Heart
Wed, 08 Nov 2017 11:54:41 [root-INFO]:Heart
Wed, 08 Nov 2017 11:54:43 [root-INFO]:Heart
Wed, 08 Nov 2017 11:54:46 [root-INFO]:Heart
Wed, 08 Nov 2017 11:54:48 [root-INFO]:Heart
Wed, 08 Nov 2017 11:54:50 [root-WARNING]:TakePic
Wed, 08 Nov 2017 11:54:50 [root-INFO]:Heart
Wed, 08 Nov 2017 11:54:52 [root-INFO]:Heart
Wed, 08 Nov 2017 11:54:53 [root-INFO]:{'sequence': 154, 'state': 'done', 'name': 'camera._takePicture'}
Wed, 08 Nov 2017 11:54:55 [root-INFO]:Heart
Wed, 08 Nov 2017 11:54:57 [root-INFO]:Heart
Wed, 08 Nov 2017 11:54:59 [root-INFO]:Heart
Wed, 08 Nov 2017 11:55:02 [root-INFO]:Heart
Wed, 08 Nov 2017 11:55:04 [root-INFO]:Heart
Wed, 08 Nov 2017 11:55:06 [root-INFO]:Heart
Wed, 08 Nov 2017 11:55:08 [root-INFO]:Heart
Wed, 08 Nov 2017 11:55:11 [root-INFO]:Heart
Wed, 08 Nov 2017 11:55:11 [root-WARNING]:TakePic
Wed, 08 Nov 2017 11:55:13 [root-INFO]:Heart
Wed, 08 Nov 2017 11:55:14 [root-INFO]:{'sequence': 155, 'state': 'done', 'name': 'camera._takePicture'}
Wed, 08 Nov 2017 11:55:15 [root-INFO]:Heart
Wed, 08 Nov 2017 11:55:17 [root-INFO]:Heart
Wed, 08 Nov 2017 11:55:20 [root-INFO]:Heart
Wed, 08 Nov 2017 11:55:22 [root-INFO]:Heart
Wed, 08 Nov 2017 11:55:24 [root-INFO]:Heart
Wed, 08 Nov 2017 11:55:26 [root-INFO]:Heart
Wed, 08 Nov 2017 11:55:28 [root-INFO]:Heart
Wed, 08 Nov 2017 11:55:30 [root-INFO]:Heart
Wed, 08 Nov 2017 11:55:32 [root-WARNING]:TakePic
Wed, 08 Nov 2017 11:55:33 [root-INFO]:Heart
Wed, 08 Nov 2017 11:55:35 [root-INFO]:Heart
Wed, 08 Nov 2017 11:55:35 [root-INFO]:{'sequence': 156, 'state': 'done', 'name': 'camera._takePicture'}
Wed, 08 Nov 2017 11:55:37 [root-INFO]:Heart
Wed, 08 Nov 2017 11:55:39 [root-INFO]:Heart
Wed, 08 Nov 2017 11:55:41 [root-INFO]:Heart
Wed, 08 Nov 2017 11:55:43 [root-INFO]:Heart
Wed, 08 Nov 2017 11:55:45 [root-INFO]:Heart
Wed, 08 Nov 2017 11:55:47 [root-INFO]:Heart
Wed, 08 Nov 2017 11:55:50 [root-INFO]:Heart
Wed, 08 Nov 2017 11:55:52 [root-INFO]:Heart
Wed, 08 Nov 2017 11:55:53 [root-WARNING]:TakePic
Wed, 08 Nov 2017 11:55:57 [root-INFO]:{'sequence': 157, 'state': 'done', 'name': 'camera._takePicture'}
Wed, 08 Nov 2017 11:55:57 [root-INFO]:Heart
Wed, 08 Nov 2017 11:55:59 [root-INFO]:Heart
Wed, 08 Nov 2017 11:56:01 [root-INFO]:Heart
Wed, 08 Nov 2017 11:56:04 [root-INFO]:Heart
Wed, 08 Nov 2017 11:56:06 [root-INFO]:Heart
Wed, 08 Nov 2017 11:56:08 [root-INFO]:Heart
Wed, 08 Nov 2017 11:56:10 [root-INFO]:Heart
Wed, 08 Nov 2017 11:56:15 [root-WARNING]:TakePic
Wed, 08 Nov 2017 11:56:15 [root-INFO]:Heart
Wed, 08 Nov 2017 11:56:17 [root-INFO]:Heart
Wed, 08 Nov 2017 11:56:18 [root-INFO]:{'sequence': 158, 'state': 'done', 'name': 'camera._takePicture'}
Wed, 08 Nov 2017 11:56:20 [root-INFO]:Heart
Wed, 08 Nov 2017 11:56:22 [root-INFO]:Heart
Wed, 08 Nov 2017 11:56:25 [root-INFO]:Heart
Wed, 08 Nov 2017 11:56:27 [root-INFO]:Heart
Wed, 08 Nov 2017 11:56:29 [root-INFO]:Heart
Wed, 08 Nov 2017 11:56:31 [root-INFO]:Heart
Wed, 08 Nov 2017 11:56:33 [root-INFO]:Heart
Wed, 08 Nov 2017 11:56:35 [root-INFO]:Heart
Wed, 08 Nov 2017 11:56:36 [root-WARNING]:TakePic
Wed, 08 Nov 2017 11:56:37 [root-INFO]:Heart
Wed, 08 Nov 2017 11:56:39 [root-INFO]:{'sequence': 159, 'state': 'done', 'name': 'camera._takePicture'}
Wed, 08 Nov 2017 11:56:40 [root-INFO]:Heart
Wed, 08 Nov 2017 11:56:42 [root-INFO]:Heart
Wed, 08 Nov 2017 11:56:44 [root-INFO]:Heart
Wed, 08 Nov 2017 11:56:46 [root-INFO]:Heart
Wed, 08 Nov 2017 11:56:48 [root-INFO]:Heart
Wed, 08 Nov 2017 11:56:51 [root-INFO]:Heart
Wed, 08 Nov 2017 11:56:53 [root-INFO]:Heart
Wed, 08 Nov 2017 11:56:56 [root-INFO]:Heart
Wed, 08 Nov 2017 11:56:57 [root-WARNING]:TakePic
Wed, 08 Nov 2017 11:56:59 [root-INFO]:Heart
Wed, 08 Nov 2017 11:57:00 [root-INFO]:{'sequence': 160, 'state': 'done', 'name': 'camera._takePicture'}
Wed, 08 Nov 2017 11:57:01 [root-INFO]:Heart
Wed, 08 Nov 2017 11:57:03 [root-INFO]:Heart
Wed, 08 Nov 2017 11:57:05 [root-INFO]:Heart
Wed, 08 Nov 2017 11:57:07 [root-INFO]:Heart
Wed, 08 Nov 2017 11:57:10 [root-INFO]:Heart
Wed, 08 Nov 2017 11:57:12 [root-INFO]:Heart
Wed, 08 Nov 2017 11:57:14 [root-INFO]:Heart
Wed, 08 Nov 2017 11:57:16 [root-INFO]:Heart
Wed, 08 Nov 2017 11:57:18 [root-INFO]:Heart
Wed, 08 Nov 2017 11:57:18 [root-WARNING]:TakePic
Wed, 08 Nov 2017 11:57:20 [root-INFO]:Heart
Wed, 08 Nov 2017 11:57:21 [root-INFO]:{'sequence': 161, 'state': 'done', 'name': 'camera._takePicture'}
Wed, 08 Nov 2017 11:57:22 [root-INFO]:Heart
Wed, 08 Nov 2017 11:57:25 [root-INFO]:Heart
Wed, 08 Nov 2017 11:57:27 [root-INFO]:Heart
Wed, 08 Nov 2017 11:57:29 [root-INFO]:Heart
Wed, 08 Nov 2017 11:57:31 [root-INFO]:Heart
Wed, 08 Nov 2017 11:57:33 [root-INFO]:Heart
Wed, 08 Nov 2017 11:57:35 [root-INFO]:Heart
Wed, 08 Nov 2017 11:57:37 [root-INFO]:Heart
Wed, 08 Nov 2017 11:57:39 [root-WARNING]:TakePic
Wed, 08 Nov 2017 11:57:44 [root-INFO]:{'sequence': 162, 'state': 'done', 'name': 'camera._takePicture'}
Wed, 08 Nov 2017 11:57:45 [root-INFO]:Heart
Wed, 08 Nov 2017 11:57:47 [root-INFO]:Heart
Wed, 08 Nov 2017 11:57:49 [root-INFO]:Heart
Wed, 08 Nov 2017 11:57:51 [root-INFO]:Heart
Wed, 08 Nov 2017 11:57:53 [root-INFO]:Heart
Wed, 08 Nov 2017 11:57:55 [root-INFO]:Heart
Wed, 08 Nov 2017 11:57:58 [root-INFO]:Heart
Wed, 08 Nov 2017 11:58:00 [root-INFO]:Heart
Wed, 08 Nov 2017 11:58:02 [root-INFO]:Heart
Wed, 08 Nov 2017 11:58:02 [root-WARNING]:TakePic
Wed, 08 Nov 2017 11:58:04 [root-INFO]:Heart
Wed, 08 Nov 2017 11:58:05 [root-INFO]:{'sequence': 163, 'state': 'done', 'name': 'camera._takePicture'}
Wed, 08 Nov 2017 11:58:06 [root-INFO]:Heart
Wed, 08 Nov 2017 11:58:08 [root-INFO]:Heart
Wed, 08 Nov 2017 11:58:11 [root-INFO]:Heart
Wed, 08 Nov 2017 11:58:14 [root-INFO]:Heart
